[0m
[0m [0m [0m [0m [0m [0m [0m [0m [0m [0m [0m [0m [0m [0m [0m [0m [0m [0m [0m [0m [0m [0m [0m [0m [0m [0m [0m [0m [0m [0m [0m [0m [0m [0m [0m [0m [0m [0m [0m [0m [0m [0m [0m [0m [0m [0m [0m [0m [0m [0m [0m [0m [0m [0m [0m [0m [0m [0m [0m [48;5;255m [48;5;255m [0m [0m [0m [0m [0m [0m [0m [0m [0m [0m [0m [0m
[0m [0m [0m [0m [0m [0m [0m [0m [0m [0m [0m [0m [0m [0m [0m [0m [0m [0m [0m [0m [0m [0m [0m [0m [0m [0m [0m [0m [0m [0m [0m [0m [0m [0m [0m [0m [0m [0m [0m [0m [0m [0m [0m [0m [0m [0m [0m [0m [0m [0m [0m [0m [0m [0m [0m [0m [0m [0m [0m [48;5;255m [48;5;255m [0m [0m [0m [0m [0m [0m [0m [0m [0m [0m [0m [0m
[0m [0m [0m [0m [0m [0m [0m [0m [0m [0m [0m [0m [0m [0m [0m [0m [0m [0m [0m [0m [0m [0m [0m [0m [0m [0m [0m [0m [0m [0m [0m [0m [0m [0m [0m [0m [0m [0m [0m [0m [0m [0m [0m [0m [0m [0m [0m [0m [0m [0m [0m [0m [0m [0m [0m [0m [0m [0m [0m [48;5;255m [48;5;255m [0m [0m [0m [0m [0m [0m [0m [0m [0m [0m [0m [0m
[48;5;255m [48;5;255m [48;5;255m [48;5;255m [48;5;255m [48;5;255m [48;5;255m [0m [0m [48;5;255m [48;5;255m [48;5;255m [48;5;255m [48;5;255m [48;5;255m [48;5;255m [48;5;255m [0m [0m [48;5;255m [48;5;255m [48;5;255m [48;5;255m [48;5;255m [48;5;255m [48;5;255m [48;5;255m [48;5;255m [48;5;255m [48;5;255m [48;5;255m [0m [0m [48;5;255m [48;5;255m [48;5;255m [48;5;255m [48;5;255m [48;5;255m [48;5;255m [48;5;255m [0m [0m [48;5;255m [48;5;255m [48;5;255m [48;5;255m [48;5;255m [48;5;255m [48;5;255m [48;5;255m [0m [0m [48;5;255m [48;5;255m [48;5;255m [48;5;255m [48;5;255m [48;5;255m [48;5;255m [48;5;255m [0m [0m [48;5;255m [48;5;255m [48;5;255m [48;5;255m [48;5;255m [48;5;255m [48;5;255m [48;5;255m [0m [0m [48;5;255m [48;5;255m [48;5;255m [48;5;255m [48;5;255m [48;5;255m [48;5;255m [48;5;255m [0m
[48;5;255m [48;5;255m [0m [0m [0m [0m [0m [0m [0m [48;5;255m [48;5;255m [0m [0m [0m [0m [48;5;255m [48;5;255m [0m [0m [48;5;255m [48;5;255m [0m [0m [0m [48;5;255m [48;5;255m [0m [0m [0m [48;5;255m [48;5;255m [0m [0m [48;5;255m [48;5;255m [0m [0m [0m [0m [48;5;255m [48;5;255m [0m [0m [48;5;255m [48;5;255m [0m [0m [0m [0m [48;5;255m [48;5;255m [0m [0m [48;5;255m [48;5;255m [0m [0m [0m [0m [48;5;255m [48;5;255m [0m [0m [48;5;255m [48;5;255m [0m [0m [0m [0m [48;5;255m [48;5;255m [0m [0m [48;5;255m [48;5;255m [0m
[48;5;255m [48;5;255m [0m [0m [0m [0m [0m [0m [0m [48;5;255m [48;5;255m [0m [0m [0m [0m [48;5;255m [48;5;255m [0m [0m [48;5;255m [48;5;255m [0m [0m [0m [48;5;255m [48;5;255m [0m [0m [0m [48;5;255m [48;5;255m [0m [0m [48;5;255m [48;5;255m [0m [0m [0m [0m [48;5;255m [48;5;255m [0m [0m [48;5;255m [48;5;255m [0m [0m [0m [0m [48;5;255m [48;5;255m [0m [0m [48;5;255m [48;5;255m [0m [0m [0m [0m [48;5;255m [48;5;255m [0m [0m [48;5;255m [48;5;255m [0m [0m [0m [0m [48;5;255m [48;5;255m [0m [0m [48;5;255m [48;5;255m [0m
[48;5;255m [48;5;255m [0m [0m [0m [0m [0m [0m [0m [48;5;255m [48;5;255m [0m [0m [0m [0m [48;5;255m [48;5;255m [0m [0m [48;5;255m [48;5;255m [0m [0m [0m [48;5;255m [48;5;255m [0m [0m [0m [48;5;255m [48;5;255m [0m [0m [48;5;255m [48;5;255m [0m [0m [0m [0m [48;5;255m [48;5;255m [0m [0m [48;5;255m [48;5;255m [0m [0m [0m [0m [48;5;255m [48;5;255m [0m [0m [48;5;255m [48;5;255m [0m [0m [0m [0m [48;5;255m [48;5;255m [0m [0m [48;5;255m [48;5;255m [0m [0m [0m [0m [48;5;255m [48;5;255m [0m [0m [48;5;255m [48;5;255m [0m
[48;5;255m [48;5;255m [48;5;255m [48;5;255m [48;5;255m [48;5;255m [48;5;255m [0m [0m [48;5;255m [48;5;255m [48;5;255m [48;5;255m [48;5;255m [48;5;255m [48;5;255m [48;5;255m [0m [0m [48;5;255m [48;5;255m [0m [0m [0m [48;5;255m [48;5;255m [0m [0m [0m [48;5;255m [48;5;255m [0m [0m [48;5;255m [48;5;255m [48;5;255m [48;5;255m [48;5;255m [48;5;255m [48;5;255m [48;5;255m [0m [0m [48;5;255m [48;5;255m [48;5;255m [48;5;255m [48;5;255m [48;5;255m [48;5;255m [48;5;255m [0m [0m [48;5;255m [48;5;255m [48;5;255m [48;5;255m [48;5;255m [48;5;255m [48;5;255m [48;5;255m [0m [0m [48;5;255m [48;5;255m [48;5;255m [48;5;255m [48;5;255m [48;5;255m [48;5;255m [48;5;255m [0m [0m [48;5;255m [48;5;255m [48;5;255m [48;5;255m [48;5;255m [48;5;255m [48;5;255m [48;5;255m [0m
[0m [0m [0m [0m [0m [0m [0m [0m [0m [0m [0m [0m [0m [0m [0m [0m [0m [0m [0m [0m [0m [0m [0m [0m [0m [0m [0m [0m [0m [0m [0m [0m [0m [48;5;255m [48;5;255m [0m [0m [0m [0m [0m [0m [0m [0m [0m [0m [0m [0m
[0m [0m [0m [0m [0m [0m [0m [0m [0m [0m [0m [0m [0m [0m [0m [0m [0m [0m [0m [0m [0m [0m [0m [0m [0m [0m [0m [0m [0m [0m [0m [0m [0m [48;5;255m [48;5;255m [0m [0m [0m [0m [0m [0m [0m [0m [0m [0m [0m [0m
[0m [0m [0m [0m [0m [0m [0m [0m [0m [0m [0m [0m [0m [0m [0m [0m [0m [0m [0m [0m [0m [0m [0m [0m [0m [0m [0m [0m [0m [0m [0m [0m [0m [48;5;255m [48;5;255m [0m [0m [0m [0m [0m [0m [0m [0m [0m [0m [0m [0m

1.1.19

TypeScript version used by Compodoc : 4.5.5

TypeScript version of current project : 4.9.4

Node.js version : v18.15.0

Operating system : Linux 5.15

[11:30:17] No configuration file found, switching to CLI flags.
[11:30:17] Using tsconfig file : /home/kvignesh/Documents/story_book/storybook/tsconfig.json
[11:30:17] Including      : /home/kvignesh/Documents/story_book/storybook/.editorconfig
[11:30:17] Including      : /home/kvignesh/Documents/story_book/storybook/.gitignore
[11:30:17] Including      : /home/kvignesh/Documents/story_book/storybook/.npmrc
[11:30:17] Including      : /home/kvignesh/Documents/story_book/storybook/README.md
[11:30:17] Including      : /home/kvignesh/Documents/story_book/storybook/angular.json
[11:30:17] Including      : /home/kvignesh/Documents/story_book/storybook/build-storybook.log
[11:30:17] Including      : /home/kvignesh/Documents/story_book/storybook/package-lock.json
[11:30:17] Including      : /home/kvignesh/Documents/story_book/storybook/package.json
[11:30:17] Including      : /home/kvignesh/Documents/story_book/storybook/tsconfig.app.json
[11:30:17] Including      : /home/kvignesh/Documents/story_book/storybook/tsconfig.json
[11:30:17] Including      : /home/kvignesh/Documents/story_book/storybook/tsconfig.spec.json
[11:30:17] Including      : /home/kvignesh/Documents/story_book/storybook/.storybook/main.js
[11:30:17] Including      : /home/kvignesh/Documents/story_book/storybook/.storybook/preview.js
[11:30:17] Including      : /home/kvignesh/Documents/story_book/storybook/.storybook/tsconfig.json
[11:30:17] Ignoring       : /home/kvignesh/Documents/story_book/storybook/.storybook/typings.d.ts
[11:30:17] Including      : /home/kvignesh/Documents/story_book/storybook/.vscode/extensions.json
[11:30:17] Including      : /home/kvignesh/Documents/story_book/storybook/.vscode/launch.json
[11:30:17] Including      : /home/kvignesh/Documents/story_book/storybook/.vscode/tasks.json
[11:30:17] Including      : /home/kvignesh/Documents/story_book/storybook/src/favicon.ico
[11:30:17] Including      : /home/kvignesh/Documents/story_book/storybook/src/index.html
[11:30:17] Including      : /home/kvignesh/Documents/story_book/storybook/src/main.ts
[11:30:17] Including      : /home/kvignesh/Documents/story_book/storybook/src/styles.scss
[11:30:17] Including      : /home/kvignesh/Documents/story_book/storybook/src/app/app.component.html
[11:30:17] Including      : /home/kvignesh/Documents/story_book/storybook/src/app/app.component.scss
[11:30:17] Ignoring       : /home/kvignesh/Documents/story_book/storybook/src/app/app.component.spec.ts
[11:30:17] Including      : /home/kvignesh/Documents/story_book/storybook/src/app/app.component.ts
[11:30:17] Including      : /home/kvignesh/Documents/story_book/storybook/src/assets/.gitkeep
[11:30:17] Including      : /home/kvignesh/Documents/story_book/storybook/src/app/app.module.ts
[11:30:17] Including      : /home/kvignesh/Documents/story_book/storybook/src/stories/Button.stories.ts
[11:30:17] Including      : /home/kvignesh/Documents/story_book/storybook/src/stories/Header.stories.ts
[11:30:17] Including      : /home/kvignesh/Documents/story_book/storybook/src/stories/Introduction.stories.mdx
[11:30:17] Including      : /home/kvignesh/Documents/story_book/storybook/src/stories/Page.stories.ts
[11:30:17] Including      : /home/kvignesh/Documents/story_book/storybook/src/stories/User.ts
[11:30:17] Including      : /home/kvignesh/Documents/story_book/storybook/src/stories/button.component.ts
[11:30:17] Including      : /home/kvignesh/Documents/story_book/storybook/src/stories/button.css
[11:30:17] Including      : /home/kvignesh/Documents/story_book/storybook/src/stories/header.component.ts
[11:30:17] Including      : /home/kvignesh/Documents/story_book/storybook/src/stories/header.css
[11:30:17] Including      : /home/kvignesh/Documents/story_book/storybook/src/stories/page.component.ts
[11:30:17] Including      : /home/kvignesh/Documents/story_book/storybook/src/stories/page.css
[11:30:17] Including      : /home/kvignesh/Documents/story_book/storybook/src/stories/assets/code-brackets.svg
[11:30:17] Including      : /home/kvignesh/Documents/story_book/storybook/src/stories/assets/colors.svg
[11:30:17] Including      : /home/kvignesh/Documents/story_book/storybook/src/stories/assets/comments.svg
[11:30:17] Including      : /home/kvignesh/Documents/story_book/storybook/src/stories/assets/direction.svg
[11:30:17] Including      : /home/kvignesh/Documents/story_book/storybook/src/stories/assets/flow.svg
[11:30:17] Including      : /home/kvignesh/Documents/story_book/storybook/src/stories/assets/plugin.svg
[11:30:17] Including      : /home/kvignesh/Documents/story_book/storybook/src/stories/assets/repo.svg
[11:30:17] Including      : /home/kvignesh/Documents/story_book/storybook/src/stories/assets/stackalt.svg
[11:30:17] Including      : /home/kvignesh/Documents/story_book/storybook/.angular/cache/15.2.4/babel-webpack/03535115c29e2ee22c88016ac8eaf063b7a2c8ea7c39926e38517675f59126e4.json
[11:30:17] Including      : /home/kvignesh/Documents/story_book/storybook/.angular/cache/15.2.4/babel-webpack/03b6433bec7216bcc3d94d07ffb2e19fcf574cccf69e8b48cde9f981ad5ba56c.json
[11:30:17] Including      : /home/kvignesh/Documents/story_book/storybook/.angular/cache/15.2.4/babel-webpack/0515c8981f0e0abcb077a2e08a6b7cee8c6ec57e6bfba063526e6728ceb74389.json
[11:30:17] Including      : /home/kvignesh/Documents/story_book/storybook/.angular/cache/15.2.4/babel-webpack/06eecf0f48755fbd5f24d2d57a5567b3ff4f3e6d21367fbe63c6924cbde0800e.json
[11:30:17] Including      : /home/kvignesh/Documents/story_book/storybook/.angular/cache/15.2.4/babel-webpack/0709971d4d24912c7e8b050d1363e563faabe05d91520ceeb98de56349e7250a.json
[11:30:17] Including      : /home/kvignesh/Documents/story_book/storybook/.angular/cache/15.2.4/babel-webpack/090737e86b1ca7629f746b32497b9c6b3d4a26d3fc6cc9df5aa5b4648145f064.json
[11:30:17] Including      : /home/kvignesh/Documents/story_book/storybook/.angular/cache/15.2.4/babel-webpack/093a6ab4d259791b3b5055068ee8cb1a57a24ffb50df96f13163605288759d19.json
[11:30:17] Including      : /home/kvignesh/Documents/story_book/storybook/.angular/cache/15.2.4/babel-webpack/0a43ade90e89a5d6e24eb6a15cc6a62340186d1e23c9bbdf91b38c899a11093b.json
[11:30:17] Including      : /home/kvignesh/Documents/story_book/storybook/.angular/cache/15.2.4/babel-webpack/0b3bc7567efca1e64a8a6b13ab5cf0694b9c9e01c834fee93273399030d87844.json
[11:30:17] Including      : /home/kvignesh/Documents/story_book/storybook/.angular/cache/15.2.4/babel-webpack/0b3e5bbb1546f2c6688f3076156ab55169b1deadd50e86977393423da0df67bc.json
[11:30:17] Including      : /home/kvignesh/Documents/story_book/storybook/.angular/cache/15.2.4/babel-webpack/0b8c1ae2ac2b8c7cdb3e10f2c321b6780ae4130366e041e6529a32bf30c9ccbb.json
[11:30:17] Including      : /home/kvignesh/Documents/story_book/storybook/.angular/cache/15.2.4/babel-webpack/0d36cebd3c617b70066faa61dc9ef171d2578577de20734f3a75cb280aa94497.json
[11:30:17] Including      : /home/kvignesh/Documents/story_book/storybook/.angular/cache/15.2.4/babel-webpack/0d78a3d7a40cf624f13b3074dead101cb6e2c64c4bcf0220fcd5a6def622b792.json
[11:30:17] Including      : /home/kvignesh/Documents/story_book/storybook/.angular/cache/15.2.4/babel-webpack/0f7b0251602637e5b1f50daca0a0d3d57e7a293479f8ed0481bc69ef29482a0f.json
[11:30:17] Including      : /home/kvignesh/Documents/story_book/storybook/.angular/cache/15.2.4/babel-webpack/0fd08a9f907780b1df3fb4fc7848929ac8937f578a7665448a365a18a5e20ad0.json
[11:30:17] Including      : /home/kvignesh/Documents/story_book/storybook/.angular/cache/15.2.4/babel-webpack/118e7e33269f9962425080328f04e8c8a32d6390d9779bafcad3261472d15fda.json
[11:30:17] Including      : /home/kvignesh/Documents/story_book/storybook/.angular/cache/15.2.4/babel-webpack/11eef38cd357bcc4823c23564d89ff260e6e1d844d9433b7ef85b87889a9c20f.json
[11:30:17] Including      : /home/kvignesh/Documents/story_book/storybook/.angular/cache/15.2.4/babel-webpack/125da3f23aafa149eaf29d08ed013390773533b1c28b01b2bdaf1d7cf174ae6f.json
[11:30:17] Including      : /home/kvignesh/Documents/story_book/storybook/.angular/cache/15.2.4/babel-webpack/12670d1653fa307b1a9c8a98a22257cd268ff1e2841498512be7c8a7b1580e27.json
[11:30:17] Including      : /home/kvignesh/Documents/story_book/storybook/.angular/cache/15.2.4/babel-webpack/1413531fb08b45f3d5583e79ad339747e1f22d8c70e2bda451c28dc6ad678431.json
[11:30:17] Including      : /home/kvignesh/Documents/story_book/storybook/.angular/cache/15.2.4/babel-webpack/1451b7043a05625c8d814d965091658aec4a1902e240ab20345f42167e95e95d.json
[11:30:17] Including      : /home/kvignesh/Documents/story_book/storybook/.angular/cache/15.2.4/babel-webpack/1470df01ba9536108f3ed5626b54761acf44b21ce39c26382ddd7f95a32c04f9.json
[11:30:17] Including      : /home/kvignesh/Documents/story_book/storybook/.angular/cache/15.2.4/babel-webpack/161ef8b8b93c88ae5bf5f8a30b760b7fe96eadcd885fe4fadefd0b5ae6987534.json
[11:30:17] Including      : /home/kvignesh/Documents/story_book/storybook/.angular/cache/15.2.4/babel-webpack/168ccfaa475c0b0d9a409fca68de84563c466b38dfde53886440aab8498aba51.json
[11:30:17] Including      : /home/kvignesh/Documents/story_book/storybook/.angular/cache/15.2.4/babel-webpack/17e1542d077780545bea4c8aaef7813c1be250e5108aa9dc60f72566765740e3.json
[11:30:17] Including      : /home/kvignesh/Documents/story_book/storybook/.angular/cache/15.2.4/babel-webpack/1845815d28fc596f7142d4ed82150e6fe33fedc07c7bf6d6a8fa74d43aae9663.json
[11:30:17] Including      : /home/kvignesh/Documents/story_book/storybook/.angular/cache/15.2.4/babel-webpack/19a2ab2bbf38b5ffb96e06b7241767058e4a4b63c17d709eb970eafbea759f6a.json
[11:30:17] Including      : /home/kvignesh/Documents/story_book/storybook/.angular/cache/15.2.4/babel-webpack/19f45688c966c8e44d0f56a801092e7276d820741b8a420102dd3570dd5c0267.json
[11:30:17] Including      : /home/kvignesh/Documents/story_book/storybook/.angular/cache/15.2.4/babel-webpack/1a545d52767d56f9d4154f71573ed4bc62e496e3e0f8c67a489179a67e53c4f7.json
[11:30:17] Including      : /home/kvignesh/Documents/story_book/storybook/.angular/cache/15.2.4/babel-webpack/1ad0a05cf1664ca19ac02a6d82e7b54376c19b1e8c87786aa9a03b10d66b6126.json
[11:30:17] Including      : /home/kvignesh/Documents/story_book/storybook/.angular/cache/15.2.4/babel-webpack/1b4b7d90cf9a8e4f267f7cb0983a544465fe2a9d712703c3c32ada66137918cf.json
[11:30:17] Including      : /home/kvignesh/Documents/story_book/storybook/.angular/cache/15.2.4/babel-webpack/1bd96a5fe693dc639ed143db80b17ee0aa0d97a298c1375c1f3c3285f6cfc1b7.json
[11:30:17] Including      : /home/kvignesh/Documents/story_book/storybook/.angular/cache/15.2.4/babel-webpack/1ca148f6bbe48a12c12941783f501ec1bab3c1bc743b355f2d549cc9e2880952.json
[11:30:17] Including      : /home/kvignesh/Documents/story_book/storybook/.angular/cache/15.2.4/babel-webpack/1ca75381084f6c42239d433bf7e7638458fb5075448ceebdc974710771da9ad6.json
[11:30:17] Including      : /home/kvignesh/Documents/story_book/storybook/.angular/cache/15.2.4/babel-webpack/2175ecfdf2b5d48663e5af4de2fa0da87c8f6cc9f474629534562e6ef244295f.json
[11:30:17] Including      : /home/kvignesh/Documents/story_book/storybook/.angular/cache/15.2.4/babel-webpack/219cd0cac7534ba746e62e0f5e3989ea96b6ece9c2e67aa2287478d0a5b8ee71.json
[11:30:17] Including      : /home/kvignesh/Documents/story_book/storybook/.angular/cache/15.2.4/babel-webpack/22231680b9e7ed648db32945d7d901f1878b8f4aa0a8bf8afd246120b6ec1660.json
[11:30:17] Including      : /home/kvignesh/Documents/story_book/storybook/.angular/cache/15.2.4/babel-webpack/2302f50466feb0f8996379697aa3a252a4971b86ec85df61eaa84b981b561cef.json
[11:30:17] Including      : /home/kvignesh/Documents/story_book/storybook/.angular/cache/15.2.4/babel-webpack/24048a4a52a9982a148f8cce694070ae34f106ce4c6c734829828eae90e40434.json
[11:30:17] Including      : /home/kvignesh/Documents/story_book/storybook/.angular/cache/15.2.4/babel-webpack/241bf37a952b6c961cb991cb5013a1781d1781e866de748a5547e3981059a0f6.json
[11:30:17] Including      : /home/kvignesh/Documents/story_book/storybook/.angular/cache/15.2.4/babel-webpack/2489104972830d542db471eb7d6accfcafa34423c36484de7049550a6993b987.json
[11:30:17] Including      : /home/kvignesh/Documents/story_book/storybook/.angular/cache/15.2.4/babel-webpack/24af2fc522331995ce16670c88b71554df43c7e2f91af220d53965dca4d79e43.json
[11:30:17] Including      : /home/kvignesh/Documents/story_book/storybook/.angular/cache/15.2.4/babel-webpack/267a5c66961333d598d78df304eb7391a83777ada3682830e95ef9951668f4e0.json
[11:30:17] Including      : /home/kvignesh/Documents/story_book/storybook/.angular/cache/15.2.4/babel-webpack/2812d14227aa262659e9a13c80408ffbc1a309bd5a0406170339fb1fb245741d.json
[11:30:17] Including      : /home/kvignesh/Documents/story_book/storybook/.angular/cache/15.2.4/babel-webpack/28aa25b62d79c9984e1a7ab586cd78bce426b28956c1b15234d4c3cd1a948b6a.json
[11:30:17] Including      : /home/kvignesh/Documents/story_book/storybook/.angular/cache/15.2.4/babel-webpack/294e1702a9e50fc3c13186b70140b4483880bed73b9e27188227e18a1a5305aa.json
[11:30:17] Including      : /home/kvignesh/Documents/story_book/storybook/.angular/cache/15.2.4/babel-webpack/29b0183aa9727d758e8fb578488a04826319c95b709b5a814e4ac4fb4a8fbaca.json
[11:30:17] Including      : /home/kvignesh/Documents/story_book/storybook/.angular/cache/15.2.4/babel-webpack/2a4f4e99a27bc5ec02ff803bed49264fed37ed1cef5bd0eacebf3997016f82a2.json
[11:30:17] Including      : /home/kvignesh/Documents/story_book/storybook/.angular/cache/15.2.4/babel-webpack/2c782dc87c0bac00748ca20fcf9ab80357d8811b242dfcc1736cc24568f709ce.json
[11:30:17] Including      : /home/kvignesh/Documents/story_book/storybook/.angular/cache/15.2.4/babel-webpack/2df08af2ffe58c62f13253688829b87aa0d51b19d16c3e3d63c5e99f6993a8f4.json
[11:30:17] Including      : /home/kvignesh/Documents/story_book/storybook/.angular/cache/15.2.4/babel-webpack/2e293b2bee33a542fc749a208b3a7534216662d209bd16069a2e00081f0ec7d2.json
[11:30:17] Including      : /home/kvignesh/Documents/story_book/storybook/.angular/cache/15.2.4/babel-webpack/2e2a3e02d146ada685af53c0c5dfa91416f5a500c8f427437065db0ad7a4f167.json
[11:30:17] Including      : /home/kvignesh/Documents/story_book/storybook/.angular/cache/15.2.4/babel-webpack/2e7af6fff9d267163b37e695e239d0466f529747abb850d256f901732407eff8.json
[11:30:17] Including      : /home/kvignesh/Documents/story_book/storybook/.angular/cache/15.2.4/babel-webpack/2f189947062df2d0f4aab8fd288e5639e9d99db324c11a6de1a87b8af9f56a5d.json
[11:30:17] Including      : /home/kvignesh/Documents/story_book/storybook/.angular/cache/15.2.4/babel-webpack/31e0be733c6636c4d50c9d8f3fce1e81797aa481b67f458c06c680378dba9600.json
[11:30:17] Including      : /home/kvignesh/Documents/story_book/storybook/.angular/cache/15.2.4/babel-webpack/31efa674933c73a4ae1175d55982c10fb8e076f800f5e874be72d891b844d082.json
[11:30:17] Including      : /home/kvignesh/Documents/story_book/storybook/.angular/cache/15.2.4/babel-webpack/32a6b1cec7e96c90c7674f3b9d911a15327832ddf0c6fade11874219e1aa02dc.json
[11:30:17] Including      : /home/kvignesh/Documents/story_book/storybook/.angular/cache/15.2.4/babel-webpack/3447715b8b72cb81758c9ac55e9cedf6981c3349a7d63a05720ef2562f8f0813.json
[11:30:17] Including      : /home/kvignesh/Documents/story_book/storybook/.angular/cache/15.2.4/babel-webpack/344ba362fa9d732fa32749342488142a69b024cb17e7c0553b89bae92b0e92d6.json
[11:30:17] Including      : /home/kvignesh/Documents/story_book/storybook/.angular/cache/15.2.4/babel-webpack/357f9bed2b5153f79f5f393dd37644aac8f69b7741ee556f15d9c379596f5b2b.json
[11:30:17] Including      : /home/kvignesh/Documents/story_book/storybook/.angular/cache/15.2.4/babel-webpack/37669a9eeda132ee0409ab4bf4c224b8152b9fd3acd2fd9fd5d6cca974fcb650.json
[11:30:17] Including      : /home/kvignesh/Documents/story_book/storybook/.angular/cache/15.2.4/babel-webpack/379c275b6b1da6cd9db7c5c13661ce3945a6c8ae33099909c27cf75d67c03437.json
[11:30:17] Including      : /home/kvignesh/Documents/story_book/storybook/.angular/cache/15.2.4/babel-webpack/38e9a884580fecd3b39b9120fcc44e9bb4ee8c510b020d490039fa73858a2a0c.json
[11:30:17] Including      : /home/kvignesh/Documents/story_book/storybook/.angular/cache/15.2.4/babel-webpack/391930955b65a81c3df1cb8d692ce870a389e99a496b173aa5b811e6a39b0391.json
[11:30:17] Including      : /home/kvignesh/Documents/story_book/storybook/.angular/cache/15.2.4/babel-webpack/39b085b54467ff245d3debe4acd103845c38cbc0fb9c5d885ce0dcf45ccb9c48.json
[11:30:17] Including      : /home/kvignesh/Documents/story_book/storybook/.angular/cache/15.2.4/babel-webpack/3a95f26766720f9f2175cea7bb2b1d6db912ae98a325bee7b4e45be2121b2a47.json
[11:30:17] Including      : /home/kvignesh/Documents/story_book/storybook/.angular/cache/15.2.4/babel-webpack/3a9c6738e5d7309155f46fc904e3e478348898a7181e74e6416249e241cf43b6.json
[11:30:17] Including      : /home/kvignesh/Documents/story_book/storybook/.angular/cache/15.2.4/babel-webpack/3b355ebb80d6e216734159dd743e559e33ceb17b943d126038fc83672003adcf.json
[11:30:17] Including      : /home/kvignesh/Documents/story_book/storybook/.angular/cache/15.2.4/babel-webpack/3cf50b5c729bce496b9d263984bb1985639a9cc608a658587c3ab59b4796aae5.json
[11:30:17] Including      : /home/kvignesh/Documents/story_book/storybook/.angular/cache/15.2.4/babel-webpack/3d7ba115cb883edd97070455933277896f4a11516db1811a16c85314041395c2.json
[11:30:17] Including      : /home/kvignesh/Documents/story_book/storybook/.angular/cache/15.2.4/babel-webpack/3f2d8c0acb69ce7ff180b9500505920e29527c55e53a6315227527f70e0559bd.json
[11:30:17] Including      : /home/kvignesh/Documents/story_book/storybook/.angular/cache/15.2.4/babel-webpack/3fa7904533e2dfd9b5a2aacfc4dc45bb35f9a068150999d3b354a49453615ffa.json
[11:30:17] Including      : /home/kvignesh/Documents/story_book/storybook/.angular/cache/15.2.4/babel-webpack/443ee889ef36fcc4db5c07ca903c794a6357e403b1673186177b052d97716ef1.json
[11:30:17] Including      : /home/kvignesh/Documents/story_book/storybook/.angular/cache/15.2.4/babel-webpack/44df486be1fb7f904245329f134005eacd0c90c8c8f0377a1665cc60307ab514.json
[11:30:17] Including      : /home/kvignesh/Documents/story_book/storybook/.angular/cache/15.2.4/babel-webpack/45ffa26b98a1e89eaa916dcbe623bb9a0700e819efc8c3b56b4051863ca5e7eb.json
[11:30:17] Including      : /home/kvignesh/Documents/story_book/storybook/.angular/cache/15.2.4/babel-webpack/46019e562f4a5d3dcb34b3d94d6915472478b8b372735e455297138a7f1b1eef.json
[11:30:17] Including      : /home/kvignesh/Documents/story_book/storybook/.angular/cache/15.2.4/babel-webpack/46bbdd96ab6f15d768600b42fd1b1f30a9b772e3c13309183f84835f74c34cf7.json
[11:30:17] Including      : /home/kvignesh/Documents/story_book/storybook/.angular/cache/15.2.4/babel-webpack/47c6c356daadee0f249898fe5ee7e6b17f9a4d52366d6f269c78593b4bac2474.json
[11:30:17] Including      : /home/kvignesh/Documents/story_book/storybook/.angular/cache/15.2.4/babel-webpack/47d5f2e240370ea85529d6cdd53a14aaf60791f705648d7d08a708954930ad04.json
[11:30:17] Including      : /home/kvignesh/Documents/story_book/storybook/.angular/cache/15.2.4/babel-webpack/47fa2355b273f5d28199ed612c7855c579f089c2d96dac3c8d3ff87e59022f50.json
[11:30:17] Including      : /home/kvignesh/Documents/story_book/storybook/.angular/cache/15.2.4/babel-webpack/4a438a4d026b7bd5897337e5ff3a316ec5eb156b6c8a44e8cd1be8170d27ade6.json
[11:30:17] Including      : /home/kvignesh/Documents/story_book/storybook/.angular/cache/15.2.4/babel-webpack/4ae3d4ee1ce0b26cb78a86dd7b23f17aa32e5473df0ff897b7f3e959365f1fb5.json
[11:30:17] Including      : /home/kvignesh/Documents/story_book/storybook/.angular/cache/15.2.4/babel-webpack/5047d2386d86a22e99d636050d234c116ae1dcb0244cef61d24f79c05e6834cd.json
[11:30:17] Including      : /home/kvignesh/Documents/story_book/storybook/.angular/cache/15.2.4/babel-webpack/5113ad55b5d45d574f2ee568b622a8f4ec1c23a6277a0c9cddd4962bc57ee06c.json
[11:30:17] Including      : /home/kvignesh/Documents/story_book/storybook/.angular/cache/15.2.4/babel-webpack/51777b03e7603be909c4a6cf6a2e8cb460f3a0fa1fa80ae2c547f8b67da2f98d.json
[11:30:17] Including      : /home/kvignesh/Documents/story_book/storybook/.angular/cache/15.2.4/babel-webpack/538348f230cc22a44258553af56213c0082be5254bf64ba9bd070b349f13ce20.json
[11:30:17] Including      : /home/kvignesh/Documents/story_book/storybook/.angular/cache/15.2.4/babel-webpack/5720d9dd2b40c1f9776b9265e4fba7dc65e62978bdfe6616f6b8b81dcc662a9b.json
[11:30:17] Including      : /home/kvignesh/Documents/story_book/storybook/.angular/cache/15.2.4/babel-webpack/58eb7bbd0e6070dc4ca490018ab5a472798ef51413409e8e5ed43817e4ca7360.json
[11:30:17] Including      : /home/kvignesh/Documents/story_book/storybook/.angular/cache/15.2.4/babel-webpack/5ae873b5bb20b6c5d0dcbbbe6e86cde67a0649261b5ef96a6a70310f3de6d9ef.json
[11:30:17] Including      : /home/kvignesh/Documents/story_book/storybook/.angular/cache/15.2.4/babel-webpack/5b12c0ae1660c3e3ad8bac80778f70cb48ac16d6358da68b061b0fc904ff3273.json
[11:30:17] Including      : /home/kvignesh/Documents/story_book/storybook/.angular/cache/15.2.4/babel-webpack/5d6b7f0fa5eee5cc0e8630cc3bec1c78171637d85b7c6418f063d23965289e30.json
[11:30:17] Including      : /home/kvignesh/Documents/story_book/storybook/.angular/cache/15.2.4/babel-webpack/6030d4b40faba220b6cfdd410f23cc3ce1ffb61222efc9820a246ea165d8f65c.json
[11:30:17] Including      : /home/kvignesh/Documents/story_book/storybook/.angular/cache/15.2.4/babel-webpack/604980734f43a84fdbc8e2d180365fca11fe58a3bd4aa8cf48f5b01d36986a03.json
[11:30:17] Including      : /home/kvignesh/Documents/story_book/storybook/.angular/cache/15.2.4/babel-webpack/612d20c9c0538386c960ca58cfe45273c76913255d48d0249ae04abe2c6217d0.json
[11:30:17] Including      : /home/kvignesh/Documents/story_book/storybook/.angular/cache/15.2.4/babel-webpack/62e1993314047bd5eb0511352423916277d72be6a4fd0670f408475d239845c7.json
[11:30:17] Including      : /home/kvignesh/Documents/story_book/storybook/.angular/cache/15.2.4/babel-webpack/642c13a542327ad06beb3a9571c4e83a6807063f8e98867cf02e137e0ddd5667.json
[11:30:17] Including      : /home/kvignesh/Documents/story_book/storybook/.angular/cache/15.2.4/babel-webpack/66a276138edc0b905f3b6bcc8401c09920e14cbc6d51596f66d3427d46f07faa.json
[11:30:17] Including      : /home/kvignesh/Documents/story_book/storybook/.angular/cache/15.2.4/babel-webpack/66a931c7f02aec8d73ef44496d03a02946b20b3be401b0169d63a331e3f4cbff.json
[11:30:17] Including      : /home/kvignesh/Documents/story_book/storybook/.angular/cache/15.2.4/babel-webpack/6a74d3d68fa8ee3cd00f01603541344718afd9bc4d0d6b844dc1c5f4318e0618.json
[11:30:17] Including      : /home/kvignesh/Documents/story_book/storybook/.angular/cache/15.2.4/babel-webpack/6af0a8d9fa71736badb1343cceb19997ab84766d35f485de080791e1ce3d41a9.json
[11:30:17] Including      : /home/kvignesh/Documents/story_book/storybook/.angular/cache/15.2.4/babel-webpack/6b27ebcca477940e20c8e10cb2119e3360eb7a443b54e7299cee6007f1831f2a.json
[11:30:17] Including      : /home/kvignesh/Documents/story_book/storybook/.angular/cache/15.2.4/babel-webpack/6cdabcf4ad86f0022a574137fe0b881c7858cf9985686bf5a8575f7ee55d25e4.json
[11:30:17] Including      : /home/kvignesh/Documents/story_book/storybook/.angular/cache/15.2.4/babel-webpack/6dac36952901654c9d1e2f80d2cba2af2fa96f7804e0e3f764709ee9734f7fa9.json
[11:30:17] Including      : /home/kvignesh/Documents/story_book/storybook/.angular/cache/15.2.4/babel-webpack/705a5e8066a0d2d91c41ae476de8d80dcfccf3048002310f5954695422d4355a.json
[11:30:17] Including      : /home/kvignesh/Documents/story_book/storybook/.angular/cache/15.2.4/babel-webpack/709496ccae35c93cea5371a8cf9f68b89a7bd237ab63e0e8326bb34bd54cca52.json
[11:30:17] Including      : /home/kvignesh/Documents/story_book/storybook/.angular/cache/15.2.4/babel-webpack/7231e074bb244d03fdef58d83c71b7f6fde0146e48e13215d636e0a7cd1f9e64.json
[11:30:17] Including      : /home/kvignesh/Documents/story_book/storybook/.angular/cache/15.2.4/babel-webpack/73e38f36d42515634816fee58d7546860e74c34eae6c3a633db4502429bd84a7.json
[11:30:17] Including      : /home/kvignesh/Documents/story_book/storybook/.angular/cache/15.2.4/babel-webpack/74c0a49da70d793bd3e50056b6b1b3f4723f1c4e6fa0093f648055802d319c1a.json
[11:30:17] Including      : /home/kvignesh/Documents/story_book/storybook/.angular/cache/15.2.4/babel-webpack/75d48dbbe426fd53dd1949349efb6c90c9dc1df16906393843b944ce52f99231.json
[11:30:17] Including      : /home/kvignesh/Documents/story_book/storybook/.angular/cache/15.2.4/babel-webpack/76c52870da25d0b87795436ffc3f503ea983bbe3d594969bdc7940668b8bde2c.json
[11:30:17] Including      : /home/kvignesh/Documents/story_book/storybook/.angular/cache/15.2.4/babel-webpack/78b3b650501f2f5ebacb925728a51cd210a987579c10f99312a105cb591d7708.json
[11:30:17] Including      : /home/kvignesh/Documents/story_book/storybook/.angular/cache/15.2.4/babel-webpack/78cf64d3cfe695a8024ab86617a5fda950c201a6f9ee8606b4f870a1dca3f9e8.json
[11:30:17] Including      : /home/kvignesh/Documents/story_book/storybook/.angular/cache/15.2.4/babel-webpack/7a06f029f8e462ce22243d712a317bfe8799fd34fb4633561d1f49527e2e1d95.json
[11:30:17] Including      : /home/kvignesh/Documents/story_book/storybook/.angular/cache/15.2.4/babel-webpack/7a33ab791cec379248a353b76806b492aa7bd21ee4d1b328fb37f8be45c5bdd0.json
[11:30:17] Including      : /home/kvignesh/Documents/story_book/storybook/.angular/cache/15.2.4/babel-webpack/7a3898003c299575bc0b9755c3dbedd0f833c40e169939c1183f010297c55122.json
[11:30:17] Including      : /home/kvignesh/Documents/story_book/storybook/.angular/cache/15.2.4/babel-webpack/7aac159c9f3bd35fa5f235b7c792d5359f7466ffaf3c932cac68b8fb200d5768.json
[11:30:17] Including      : /home/kvignesh/Documents/story_book/storybook/.angular/cache/15.2.4/babel-webpack/7b69fc950f27efad2290a57e2b052569dbe4e15526a367b5e4632b162692db0d.json
[11:30:17] Including      : /home/kvignesh/Documents/story_book/storybook/.angular/cache/15.2.4/babel-webpack/7c874890b26626905ceeb80b72147a38e9c9b2040706e44a4ab0537056db7d25.json
[11:30:17] Including      : /home/kvignesh/Documents/story_book/storybook/.angular/cache/15.2.4/babel-webpack/7ccc5d348dcf1575f1d0fe3db0063247344be525f8a6a08d804eda458d7088fc.json
[11:30:17] Including      : /home/kvignesh/Documents/story_book/storybook/.angular/cache/15.2.4/babel-webpack/7e01717631292277a40129246b56557e22732fed3cdce7b4d27d9dba9bd9da95.json
[11:30:17] Including      : /home/kvignesh/Documents/story_book/storybook/.angular/cache/15.2.4/babel-webpack/7fb4bbd261c30a42cd1d100c9fc9597a4ce433984f3a251efef1a9350440150a.json
[11:30:17] Including      : /home/kvignesh/Documents/story_book/storybook/.angular/cache/15.2.4/babel-webpack/80344b36c5cdf72a05e242b1067cb5f9e5e85ce303ad1ca12f8370a4710335a5.json
[11:30:17] Including      : /home/kvignesh/Documents/story_book/storybook/.angular/cache/15.2.4/babel-webpack/80456618031e55beaedc7d496f0edf574e0a3ff161b4eb52fbd1b8ce4fc6d7a7.json
[11:30:17] Including      : /home/kvignesh/Documents/story_book/storybook/.angular/cache/15.2.4/babel-webpack/818d2f817a77daed4578f228c6f564f850a920afc27a589973acd003faf49131.json
[11:30:17] Including      : /home/kvignesh/Documents/story_book/storybook/.angular/cache/15.2.4/babel-webpack/81e193c1ae98ca1663e687d26479852ec2de415f6a6eece0a2bbc3b46db61975.json
[11:30:17] Including      : /home/kvignesh/Documents/story_book/storybook/.angular/cache/15.2.4/babel-webpack/83d1556bad9abd8443fb72c70c8b9b69839d2e0153bd485dbf13f4fe8ffaeac7.json
[11:30:17] Including      : /home/kvignesh/Documents/story_book/storybook/.angular/cache/15.2.4/babel-webpack/86d058a15e663755a390125022a3ca770fbc338dcdc206c877f15fa312aa00f3.json
[11:30:17] Including      : /home/kvignesh/Documents/story_book/storybook/.angular/cache/15.2.4/babel-webpack/878c78663641ae9dfe59df3feeb0eeb3cc686443c3fd3a40f476c2ee597093c5.json
[11:30:17] Including      : /home/kvignesh/Documents/story_book/storybook/.angular/cache/15.2.4/babel-webpack/880bfc0c98428c2a9f3ed6ce83f958f6f10d330e31a184bbf27a1abd5c945347.json
[11:30:17] Including      : /home/kvignesh/Documents/story_book/storybook/.angular/cache/15.2.4/babel-webpack/88dfcd5b1174ad4e4fb6832275ce83a12777e618e66e4d7ec3393d7419084c80.json
[11:30:17] Including      : /home/kvignesh/Documents/story_book/storybook/.angular/cache/15.2.4/babel-webpack/89f5788797691585947a40bf893190609f8ace0187d946ea6f18412e0e62c599.json
[11:30:17] Including      : /home/kvignesh/Documents/story_book/storybook/.angular/cache/15.2.4/babel-webpack/89f9b9964db7a317629e8a19ff952ff35ac5b03fa9fc5cc795ac9e2a0bb7007b.json
[11:30:17] Including      : /home/kvignesh/Documents/story_book/storybook/.angular/cache/15.2.4/babel-webpack/8a19cee2225f2dd0794f337f0e4db2105ebcc3b108b8273c7f8264ff65c30548.json
[11:30:17] Including      : /home/kvignesh/Documents/story_book/storybook/.angular/cache/15.2.4/babel-webpack/8ac8167606023a8b5e6e8564459ee7cd2f722c9b2cc9640dcc125e71b7cfe2c1.json
[11:30:17] Including      : /home/kvignesh/Documents/story_book/storybook/.angular/cache/15.2.4/babel-webpack/8b4370a6cd6d0dc84aef7a43da4b519dff7fa8b7d71a006e78a4e5179aa270e0.json
[11:30:17] Including      : /home/kvignesh/Documents/story_book/storybook/.angular/cache/15.2.4/babel-webpack/8cfa301ce28e18fc3571ca492f22fcd2028bd1f8a90a55feb3ed7601d6cd9896.json
[11:30:17] Including      : /home/kvignesh/Documents/story_book/storybook/.angular/cache/15.2.4/babel-webpack/8f2fc90a329f15a087bfcf1d00f6367bfd70e1b2ee20c3f8664a552ecaa3b803.json
[11:30:17] Including      : /home/kvignesh/Documents/story_book/storybook/.angular/cache/15.2.4/babel-webpack/908dabb6e6a3108f33d68821a12dd1501d09047272e0275eec72ce8854b73f6a.json
[11:30:17] Including      : /home/kvignesh/Documents/story_book/storybook/.angular/cache/15.2.4/babel-webpack/91461c8a286848f41bceb146d4b5b953a87943cbd14fcc461a3769a44f88e192.json
[11:30:17] Including      : /home/kvignesh/Documents/story_book/storybook/.angular/cache/15.2.4/babel-webpack/9166420f9ad18dffd90498a9d6ac294c6a54948af6b16ad12393069e64f4f3e5.json
[11:30:17] Including      : /home/kvignesh/Documents/story_book/storybook/.angular/cache/15.2.4/babel-webpack/9182a5d018aa1849445a60a9e9f8131e4b219f98601730fcf9ef4b8fe51baae3.json
[11:30:17] Including      : /home/kvignesh/Documents/story_book/storybook/.angular/cache/15.2.4/babel-webpack/922ebb67f451adbd85d1a356459bd9a3616d3585eabf13963744cb2bac58b521.json
[11:30:17] Including      : /home/kvignesh/Documents/story_book/storybook/.angular/cache/15.2.4/babel-webpack/9347c0bc2ad5030a0a2203f357dbab600d25537f83fdbaaabb97e28a65f44731.json
[11:30:17] Including      : /home/kvignesh/Documents/story_book/storybook/.angular/cache/15.2.4/babel-webpack/937823f2fc3f5ed6268d1145d1a54b8b405da4ea0d2b484a1643bf8a50c385f7.json
[11:30:17] Including      : /home/kvignesh/Documents/story_book/storybook/.angular/cache/15.2.4/babel-webpack/9386192484977d4189e4f75fba65ed65f746a1ed24b14de48c0d792473f3e88c.json
[11:30:17] Including      : /home/kvignesh/Documents/story_book/storybook/.angular/cache/15.2.4/babel-webpack/93b3979d8552f15b56f17f5462999ca51ffda939fa7be2cb222128cefbb690d2.json
[11:30:17] Including      : /home/kvignesh/Documents/story_book/storybook/.angular/cache/15.2.4/babel-webpack/94132d2aade737204987a4066266526de8bf54b84d37959d2e2250edda21f41b.json
[11:30:17] Including      : /home/kvignesh/Documents/story_book/storybook/.angular/cache/15.2.4/babel-webpack/951039785cb7f3c3ef4e0e24c55877129534094ce3a773b07e0ddaa7c338ade2.json
[11:30:17] Including      : /home/kvignesh/Documents/story_book/storybook/.angular/cache/15.2.4/babel-webpack/951c2e57a224d9e25e00c53b9b10447e0b54266cec1546c1d22f8e85fb52bcb7.json
[11:30:17] Including      : /home/kvignesh/Documents/story_book/storybook/.angular/cache/15.2.4/babel-webpack/95bd15f8f84ad674b2429d27e615afb63c93000b5a6193c75ef918412e08de8d.json
[11:30:17] Including      : /home/kvignesh/Documents/story_book/storybook/.angular/cache/15.2.4/babel-webpack/97f5baf3d73783c9b46b1b04e00e8688346d2c02863759404c202ffda8072e38.json
[11:30:17] Including      : /home/kvignesh/Documents/story_book/storybook/.angular/cache/15.2.4/babel-webpack/9846e99a4b6f411dc7bc032dc10e9c1ee72aab148896c754c726ee4d2ad4d5fd.json
[11:30:17] Including      : /home/kvignesh/Documents/story_book/storybook/.angular/cache/15.2.4/babel-webpack/9a2260ee2050201b79d275d1d7522015ad945ae1cf89cb732dfee5a822b1521b.json
[11:30:17] Including      : /home/kvignesh/Documents/story_book/storybook/.angular/cache/15.2.4/babel-webpack/9db3eac3bccd991da3241324d893b1f687c47203c9afe33464232d41cea6ca75.json
[11:30:17] Including      : /home/kvignesh/Documents/story_book/storybook/.angular/cache/15.2.4/babel-webpack/9fbf0b0f25a6630960837df658a0b11614109236c12ab856357d2eaa67499455.json
[11:30:17] Including      : /home/kvignesh/Documents/story_book/storybook/.angular/cache/15.2.4/babel-webpack/9ff8911237217df352ca6de2d8c416bbd7ad12f65c1dc33d2591bb33aefa2f28.json
[11:30:17] Including      : /home/kvignesh/Documents/story_book/storybook/.angular/cache/15.2.4/babel-webpack/a0f9e5959dfa2af70cdc090d9ada7947595594721f9d56b581d4080720042b68.json
[11:30:17] Including      : /home/kvignesh/Documents/story_book/storybook/.angular/cache/15.2.4/babel-webpack/a1f184ba33da38415bc99ca7eacb1ee9ba4506d6724223495c42877dbc84d788.json
[11:30:17] Including      : /home/kvignesh/Documents/story_book/storybook/.angular/cache/15.2.4/babel-webpack/a2130c328c68e47db569cd0a0d2b81433bd3dac6424beaa6fc5fd344d36a0c5a.json
[11:30:17] Including      : /home/kvignesh/Documents/story_book/storybook/.angular/cache/15.2.4/babel-webpack/a343560c90ca4d89e07e6f7a9bc6d64cf5569978cddcd2a04181d355d5af61b6.json
[11:30:17] Including      : /home/kvignesh/Documents/story_book/storybook/.angular/cache/15.2.4/babel-webpack/a41c65a4755c5a7ab4b070c38ea58156f7648be98c93d26e2a720deedec79dad.json
[11:30:17] Including      : /home/kvignesh/Documents/story_book/storybook/.angular/cache/15.2.4/babel-webpack/a4cf4bd331bf2d67d837c9b8a3902198433ce7188bb18e62ca9e19d192deab5a.json
[11:30:17] Including      : /home/kvignesh/Documents/story_book/storybook/.angular/cache/15.2.4/babel-webpack/a561510ac5608bbcbd380a739cfafde853874c595b13acd06ad7c1c19e60d408.json
[11:30:17] Including      : /home/kvignesh/Documents/story_book/storybook/.angular/cache/15.2.4/babel-webpack/a7191f2f969bb829fedae894de599a8a133cdd495d679a5fb2aca8cc0c6f98bb.json
[11:30:17] Including      : /home/kvignesh/Documents/story_book/storybook/.angular/cache/15.2.4/babel-webpack/aaa3bac7c08bf17b90d51664e5cd212e250e50f43279510fdc4fb6a5e5c5260e.json
[11:30:17] Including      : /home/kvignesh/Documents/story_book/storybook/.angular/cache/15.2.4/babel-webpack/ab87429a1c54fe9d7e4bb3d7c27fb86a56a4eeb8793188953acc67b60e4bd1e6.json
[11:30:17] Including      : /home/kvignesh/Documents/story_book/storybook/.angular/cache/15.2.4/babel-webpack/acb72926563c19e637b9e2ac4ce730ab8f85d2ab1799c0acd3b2669a1a4f417c.json
[11:30:17] Including      : /home/kvignesh/Documents/story_book/storybook/.angular/cache/15.2.4/babel-webpack/add0b618c7c33ba5f9c132e81a076e077c94432298963f67ef3a29cd335bf857.json
[11:30:17] Including      : /home/kvignesh/Documents/story_book/storybook/.angular/cache/15.2.4/babel-webpack/ae8d6b0c3cd3e34785fe04f2417df9d580e52575494f8dc2686bae4e254f9025.json
[11:30:17] Including      : /home/kvignesh/Documents/story_book/storybook/.angular/cache/15.2.4/babel-webpack/aef0f0927eed46d0c4077be2f87db348505325d6fecbf8754f2ecd7835aa2814.json
[11:30:17] Including      : /home/kvignesh/Documents/story_book/storybook/.angular/cache/15.2.4/babel-webpack/b059698fb0d4fb833b60fa9e39b9bd52caa0f5281f3339a2b180add8d0f9cfe1.json
[11:30:17] Including      : /home/kvignesh/Documents/story_book/storybook/.angular/cache/15.2.4/babel-webpack/b0816cd61f6d234efd4e1039066ea1c09f6e696554fd0f67223f54f5bfabea18.json
[11:30:17] Including      : /home/kvignesh/Documents/story_book/storybook/.angular/cache/15.2.4/babel-webpack/b0fac7b52173469fbe97909370574c4e66ab7d60467d8bebcb960b5040d6adf7.json
[11:30:17] Including      : /home/kvignesh/Documents/story_book/storybook/.angular/cache/15.2.4/babel-webpack/b30a9bb35b38f59a2e25b28974062349092b354612b99a27af49f95f9f98a7ba.json
[11:30:17] Including      : /home/kvignesh/Documents/story_book/storybook/.angular/cache/15.2.4/babel-webpack/b392638bd39bb6f78c97bd8f0ae997d18bcb422638dd0545230deec588251eda.json
[11:30:17] Including      : /home/kvignesh/Documents/story_book/storybook/.angular/cache/15.2.4/babel-webpack/b60b4ad79552fa01cb04e84f7e24504e01bbb3fe53334496ded4421eed25b8ee.json
[11:30:17] Including      : /home/kvignesh/Documents/story_book/storybook/.angular/cache/15.2.4/babel-webpack/b6594ffc0f9de278c7d34b1802f00c98a02b462f6c51856c8d530d6c67af3378.json
[11:30:17] Including      : /home/kvignesh/Documents/story_book/storybook/.angular/cache/15.2.4/babel-webpack/b6eb416a5cfb3807a997b0f509c72a7dd86b13a87392964d96dc5aacb338d0bb.json
[11:30:17] Including      : /home/kvignesh/Documents/story_book/storybook/.angular/cache/15.2.4/babel-webpack/b7ef6529e3515db83ebefc752117c6b937ce303c811cd15046b9ac1e0df122cb.json
[11:30:17] Including      : /home/kvignesh/Documents/story_book/storybook/.angular/cache/15.2.4/babel-webpack/b7f6904a12932530941187a85efd872830bd517fe224c8ffa332188f53142ba3.json
[11:30:17] Including      : /home/kvignesh/Documents/story_book/storybook/.angular/cache/15.2.4/babel-webpack/b88d702b98269aabc91e77812acd091a7b982ded191c74c2775f3fb369f1c0cd.json
[11:30:17] Including      : /home/kvignesh/Documents/story_book/storybook/.angular/cache/15.2.4/babel-webpack/b944dd107ed5389e2a6b59380ba455cc0708d859b9a34f78f0c6f95c0b484d33.json
[11:30:17] Including      : /home/kvignesh/Documents/story_book/storybook/.angular/cache/15.2.4/babel-webpack/bb403bf11b22c61d9b2d682dacda81af7d4cde2412c03fba832fed7e2401cf21.json
[11:30:17] Including      : /home/kvignesh/Documents/story_book/storybook/.angular/cache/15.2.4/babel-webpack/bb502720155cd76ac5b1dd4f0a8e82138f63635e73aa20eb541c414222c435a2.json
[11:30:17] Including      : /home/kvignesh/Documents/story_book/storybook/.angular/cache/15.2.4/babel-webpack/bb6f9545e8314aa07203ce0569e7467a178519e2afb55587f51c811f37b87d10.json
[11:30:17] Including      : /home/kvignesh/Documents/story_book/storybook/.angular/cache/15.2.4/babel-webpack/bc71c6c843e59e6827679eba9c9a37664d15237121c0b642de1485a0983a044a.json
[11:30:17] Including      : /home/kvignesh/Documents/story_book/storybook/.angular/cache/15.2.4/babel-webpack/be041dc583b0c5d547be8cb63236b75bb305088bc72c0eddf5b5bd6c5b27e5e5.json
[11:30:17] Including      : /home/kvignesh/Documents/story_book/storybook/.angular/cache/15.2.4/babel-webpack/be9b5973691d6132c89f54e0babe829aabf1fd697b5a534876bae47c0b68be5d.json
[11:30:17] Including      : /home/kvignesh/Documents/story_book/storybook/.angular/cache/15.2.4/babel-webpack/beae2b7a82fa57ed00c9a582bf0c676a47d6e4a25fe2e51cb0ba024908e1eeaa.json
[11:30:17] Including      : /home/kvignesh/Documents/story_book/storybook/.angular/cache/15.2.4/babel-webpack/c1cb2eaf85901b874c67bb6d58d6361b1bd3e695865f926c6888b6aa7f69d167.json
[11:30:17] Including      : /home/kvignesh/Documents/story_book/storybook/.angular/cache/15.2.4/babel-webpack/c2714f74262a98bc60068daa350a39cdf1cfedfb83eee66e9c428159b38056dc.json
[11:30:17] Including      : /home/kvignesh/Documents/story_book/storybook/.angular/cache/15.2.4/babel-webpack/c2b43240ad6dabaa97caf5918d5c749cfbdcf475a5b2e9b8da18367f8284be8f.json
[11:30:17] Including      : /home/kvignesh/Documents/story_book/storybook/.angular/cache/15.2.4/babel-webpack/c4eabb6b8457c240746fc5a2f8c7f410e569c0acd5af613748c2888a5b8c5893.json
[11:30:17] Including      : /home/kvignesh/Documents/story_book/storybook/.angular/cache/15.2.4/babel-webpack/c7a0eed1032a57224df24defd5b96bb5535c3a1e458c04e6fbb517197457a164.json
[11:30:17] Including      : /home/kvignesh/Documents/story_book/storybook/.angular/cache/15.2.4/babel-webpack/c837e2fab31c256a7f9ed9d8e890d19c857e6969db6f19e54edd4e95bbbdfdbd.json
[11:30:17] Including      : /home/kvignesh/Documents/story_book/storybook/.angular/cache/15.2.4/babel-webpack/c971c8f2339b5e5e999fa98490f7274398516de1a1ab1a8ff5c49bb0e4fa8133.json
[11:30:17] Including      : /home/kvignesh/Documents/story_book/storybook/.angular/cache/15.2.4/babel-webpack/cc8ff6331b7b6af1d42b2f3eacbfbd566de71fb72855d49b987a9ae626760a44.json
[11:30:17] Including      : /home/kvignesh/Documents/story_book/storybook/.angular/cache/15.2.4/babel-webpack/cd04abefcdb7c74713c46a72d629e3a1fd02fc2568c28532e639dcd65daaa54f.json
[11:30:17] Including      : /home/kvignesh/Documents/story_book/storybook/.angular/cache/15.2.4/babel-webpack/ce4731cc85151189993594b87af66df3e4956a66f72b13ab092d8d9b7c0f8fb8.json
[11:30:17] Including      : /home/kvignesh/Documents/story_book/storybook/.angular/cache/15.2.4/babel-webpack/cf46e0039298b0b8dcf35cd928c6a5b50699169c9b7b7e23fbfb54412a46a9dd.json
[11:30:17] Including      : /home/kvignesh/Documents/story_book/storybook/.angular/cache/15.2.4/babel-webpack/cffa31da60f888ddbd5824aa43d2db9a29fecdb2c0787fa1a8761a700228a177.json
[11:30:17] Including      : /home/kvignesh/Documents/story_book/storybook/.angular/cache/15.2.4/babel-webpack/d08dba33b567be9312811816a363ace1fc07ae91923be9bdc6d57693b4e85105.json
[11:30:17] Including      : /home/kvignesh/Documents/story_book/storybook/.angular/cache/15.2.4/babel-webpack/d0ff0d36b84493a85715546bba1274562d22d30927e6b22a9ed97e9fa7a7049f.json
[11:30:17] Including      : /home/kvignesh/Documents/story_book/storybook/.angular/cache/15.2.4/babel-webpack/d190d97e6e7f192632e40910aaaeae2fe0098502986931a9a6f07e0917441fae.json
[11:30:17] Including      : /home/kvignesh/Documents/story_book/storybook/.angular/cache/15.2.4/babel-webpack/d23e2d10a96e7f6675f73e1bc12a797830f368a29ee56eba8c26e22b7681e058.json
[11:30:17] Including      : /home/kvignesh/Documents/story_book/storybook/.angular/cache/15.2.4/babel-webpack/d2a927d638d72a7f5092b9fdb6e4ab9fa1d0097bb9b196a5adf553678a392bb5.json
[11:30:17] Including      : /home/kvignesh/Documents/story_book/storybook/.angular/cache/15.2.4/babel-webpack/d358c7275163f1e3c8cbeb85e6e9d074e97e01fcbc33037d8cdc75787ec00557.json
[11:30:17] Including      : /home/kvignesh/Documents/story_book/storybook/.angular/cache/15.2.4/babel-webpack/d554de331315d2e30fb402c73991dfe58672b924b9333c7f5504cd02472c1352.json
[11:30:17] Including      : /home/kvignesh/Documents/story_book/storybook/.angular/cache/15.2.4/babel-webpack/d5b65293c00d0b66f23d4a2849dc531d6fceedb7d87c8b4895fbcab84323255f.json
[11:30:17] Including      : /home/kvignesh/Documents/story_book/storybook/.angular/cache/15.2.4/babel-webpack/d8d8fd32f1e8de1c2ec0b19d6600d74864fa18ae7dae3a8eb20fb3c4db16bec4.json
[11:30:17] Including      : /home/kvignesh/Documents/story_book/storybook/.angular/cache/15.2.4/babel-webpack/d968a039b175b9ff5f1fa2471ab8408cec3c9a7946b314e640ea5417003bdf11.json
[11:30:17] Including      : /home/kvignesh/Documents/story_book/storybook/.angular/cache/15.2.4/babel-webpack/da13e2f3ac0436bbdc95267f96ebe96750157600c51e2d7cd65087aae7215521.json
[11:30:17] Including      : /home/kvignesh/Documents/story_book/storybook/.angular/cache/15.2.4/babel-webpack/da16461066609f39bc8b4507a9cb3c6ef9fde56a173d13c6874169f69d083b17.json
[11:30:17] Including      : /home/kvignesh/Documents/story_book/storybook/.angular/cache/15.2.4/babel-webpack/dae2ace8866c9023c2628991e7e9e3fb23bd3f3d68942248f6826443346ea970.json
[11:30:17] Including      : /home/kvignesh/Documents/story_book/storybook/.angular/cache/15.2.4/babel-webpack/db9fa35ee332f7982925741718ebdd8966d14bf8ff3b43f433331e3ffc082597.json
[11:30:17] Including      : /home/kvignesh/Documents/story_book/storybook/.angular/cache/15.2.4/babel-webpack/dc1106f8aaa743f28eea318ae50a79397f956dc3ae2aace456ac110a2fab1edf.json
[11:30:17] Including      : /home/kvignesh/Documents/story_book/storybook/.angular/cache/15.2.4/babel-webpack/dc4e78129a4c05e2c6bfb40fee242a9c71d32be700f962e7486dc6e8618684ca.json
[11:30:17] Including      : /home/kvignesh/Documents/story_book/storybook/.angular/cache/15.2.4/babel-webpack/df1cf52e5cf1674fa346f9f8d5d64e7890cbafd25af04083faf3633d7f3fb5df.json
[11:30:17] Including      : /home/kvignesh/Documents/story_book/storybook/.angular/cache/15.2.4/babel-webpack/e0672676c2d8ac0c12cdf444705f4b11306101b3c9f47c3379789d8c93ad59d0.json
[11:30:17] Including      : /home/kvignesh/Documents/story_book/storybook/.angular/cache/15.2.4/babel-webpack/e11545809f38ca5c697d1118b893d7ef48562c9afa5869176cc91a1a3fa331e7.json
[11:30:17] Including      : /home/kvignesh/Documents/story_book/storybook/.angular/cache/15.2.4/babel-webpack/e2966c9943ca83971917ae0ca5099188aa094b6fcf6ca16592a3844f4ba29606.json
[11:30:17] Including      : /home/kvignesh/Documents/story_book/storybook/.angular/cache/15.2.4/babel-webpack/e3b89e1d8828f677dfb1fc77ad62c48e5a981bbc052a62bb72c4e22aeeb629a2.json
[11:30:17] Including      : /home/kvignesh/Documents/story_book/storybook/.angular/cache/15.2.4/babel-webpack/e484dc77d8cf8087e87d09db53b2b2ab8c7556338113d15fc41889bfca4957c4.json
[11:30:17] Including      : /home/kvignesh/Documents/story_book/storybook/.angular/cache/15.2.4/babel-webpack/e4b0758dafad33c0b14f6c416edc6f20e3a6d8aa53fc66cc3c1990a8943c2e4d.json
[11:30:17] Including      : /home/kvignesh/Documents/story_book/storybook/.angular/cache/15.2.4/babel-webpack/e6df03d746c538b93f138a89d6a33968582c247587811a67c93c1b25fc93ec42.json
[11:30:17] Including      : /home/kvignesh/Documents/story_book/storybook/.angular/cache/15.2.4/babel-webpack/e743f84f394e66bcda6943519b96cc51b26e4c8650eb6317815ea20436bc9c93.json
[11:30:17] Including      : /home/kvignesh/Documents/story_book/storybook/.angular/cache/15.2.4/babel-webpack/e79c03848d10cc956789f5ae3ceafdd5da541c30a0c5c93f4b8d44c8b7494556.json
[11:30:17] Including      : /home/kvignesh/Documents/story_book/storybook/.angular/cache/15.2.4/babel-webpack/e855e860e45c81f049cd74fbf1a7235b60dfab02a328401ff2a66892e8d87196.json
[11:30:17] Including      : /home/kvignesh/Documents/story_book/storybook/.angular/cache/15.2.4/babel-webpack/e8f6bc2f8078b7a2dcb7cd981d34e2395ed3c37df3d540f8e518031d2750073f.json
[11:30:17] Including      : /home/kvignesh/Documents/story_book/storybook/.angular/cache/15.2.4/babel-webpack/e9457aed6b65cb5cf510334e6251ce550c750e7c4d16e36d0e472c93ca24ea83.json
[11:30:17] Including      : /home/kvignesh/Documents/story_book/storybook/.angular/cache/15.2.4/babel-webpack/e98e11370d13eb8bcd51d8003354458a2184faea10a49fdaed66b7fd57f4bdeb.json
[11:30:17] Including      : /home/kvignesh/Documents/story_book/storybook/.angular/cache/15.2.4/babel-webpack/eba113054e783bd8997661d50f2a3fa0b7b874bcfd330551235a7df22832c199.json
[11:30:17] Including      : /home/kvignesh/Documents/story_book/storybook/.angular/cache/15.2.4/babel-webpack/ec216ca26eb2ee572a8bd1a41f5f118127f149c3ced15f99730ae0a10d5c241c.json
[11:30:17] Including      : /home/kvignesh/Documents/story_book/storybook/.angular/cache/15.2.4/babel-webpack/ed00763c97ae1c39c0828f9cb3df319ca119b7193f4baa4789551c3566971b08.json
[11:30:17] Including      : /home/kvignesh/Documents/story_book/storybook/.angular/cache/15.2.4/babel-webpack/ed1d42a0239e7b57fdf7c1978c4602ead9c303ef2c4438bd0ce53ed63908a835.json
[11:30:17] Including      : /home/kvignesh/Documents/story_book/storybook/.angular/cache/15.2.4/babel-webpack/ed6f76b47e66881b93e1995a5e49410de3a1961b61ca77f01d70c1c4dd6a5ec6.json
[11:30:17] Including      : /home/kvignesh/Documents/story_book/storybook/.angular/cache/15.2.4/babel-webpack/ee66115886248fb7e2bc7a4332501ea2e362e193598302b5611875a0656bcb39.json
[11:30:17] Including      : /home/kvignesh/Documents/story_book/storybook/.angular/cache/15.2.4/babel-webpack/ee998ad1f30f843372b101dc1224d91df0238790c7e9de4721e4344fb1ca0145.json
[11:30:17] Including      : /home/kvignesh/Documents/story_book/storybook/.angular/cache/15.2.4/babel-webpack/ef01cf04f5fa8712e025940a1de7510a8b164b610ba3d835fcebb65718d73303.json
[11:30:17] Including      : /home/kvignesh/Documents/story_book/storybook/.angular/cache/15.2.4/babel-webpack/ef25043215e93e062712db1687463145c619b8fdad3a3e0830593206c5af625c.json
[11:30:17] Including      : /home/kvignesh/Documents/story_book/storybook/.angular/cache/15.2.4/babel-webpack/efad5e3b1ff89e5b137afa6bf4f411e9b0f8498c99246aad98fe8e7930c58745.json
[11:30:17] Including      : /home/kvignesh/Documents/story_book/storybook/.angular/cache/15.2.4/babel-webpack/f00779c72c8ab5837eb54cad16f8903e9ed95a0da1f24ae2f02a5b241006e2bb.json
[11:30:17] Including      : /home/kvignesh/Documents/story_book/storybook/.angular/cache/15.2.4/babel-webpack/f014b69f81d79492921fa8483a5e51d081246e516c1e46f662a92a83e6c09a64.json
[11:30:17] Including      : /home/kvignesh/Documents/story_book/storybook/.angular/cache/15.2.4/babel-webpack/f08f15132cb8ad731ef37cb7092bc679a0847190428ec1f3718fd33ec8a6e7c5.json
[11:30:17] Including      : /home/kvignesh/Documents/story_book/storybook/.angular/cache/15.2.4/babel-webpack/f244b702a52ce89f39be870b5eb1fa9da6aeb118a9e3537c5e02d529bafc06a0.json
[11:30:17] Including      : /home/kvignesh/Documents/story_book/storybook/.angular/cache/15.2.4/babel-webpack/f81ea4d66b682a2f094cd19c281e7a93d8eb2690b2ce4aa3e8b202c2cdfe789b.json
[11:30:17] Including      : /home/kvignesh/Documents/story_book/storybook/.angular/cache/15.2.4/babel-webpack/f94bf9d471a9d0c024fab7650d6cc7b50cf51a333852b2b4c4208d4d0f18e55f.json
[11:30:17] Including      : /home/kvignesh/Documents/story_book/storybook/.angular/cache/15.2.4/babel-webpack/fa47f1ce7b5dac8b66f4cad81e297ee36d2bcd0d49bb46df9e4397ededc8a12f.json
[11:30:17] Including      : /home/kvignesh/Documents/story_book/storybook/.angular/cache/15.2.4/babel-webpack/fa7cbbcb5712d92ddbd39359310b3e49b2ba8509746d0a863bd52dc276d2bb15.json
[11:30:17] Including      : /home/kvignesh/Documents/story_book/storybook/.angular/cache/15.2.4/babel-webpack/fbec273768ba1dc8af31f935308042a0cff27109710140d796fe207d6f23b7a0.json
[11:30:17] Including      : /home/kvignesh/Documents/story_book/storybook/.angular/cache/15.2.4/babel-webpack/fca60d7cae3cc0717b42a2eee9184e4846f623a36055536ab7dcec0edd7c2506.json
[11:30:17] Including      : /home/kvignesh/Documents/story_book/storybook/.angular/cache/15.2.4/babel-webpack/feb987a47e78ca3bb18080a20f8974e6739c2093b931c9413da1efbb727925d0.json
[11:30:17] Including      : /home/kvignesh/Documents/story_book/storybook/.angular/cache/15.2.4/babel-webpack/fee5d6256c9a95668064ae694d9dd4d3cca20252866056c8d2ff3395572447dc.json
[11:30:17] Including      : /home/kvignesh/Documents/story_book/storybook/.angular/cache/15.2.4/babel-webpack/ff5b08005232e8756870e158840fa6f26c6e23552b5465c2812e75a0e4909333.json
[11:30:17] Including      : /home/kvignesh/Documents/story_book/storybook/.angular/cache/15.2.4/babel-webpack/ffe7923bb73e8befd850bb1a23ad4bbbd3b7a5805ec1c34218515a5f0c22c73d.json
[11:30:17] Including      : /home/kvignesh/Documents/story_book/storybook/.angular/cache/15.2.4/angular-webpack/6a3226dfc151d5a0785fe76484dada09536eae4b/0.pack
[11:30:17] Including      : /home/kvignesh/Documents/story_book/storybook/.angular/cache/15.2.4/angular-webpack/6a3226dfc151d5a0785fe76484dada09536eae4b/1.pack
[11:30:17] Including      : /home/kvignesh/Documents/story_book/storybook/.angular/cache/15.2.4/angular-webpack/6a3226dfc151d5a0785fe76484dada09536eae4b/2.pack
[11:30:17] Including      : /home/kvignesh/Documents/story_book/storybook/.angular/cache/15.2.4/angular-webpack/6a3226dfc151d5a0785fe76484dada09536eae4b/3.pack
[11:30:17] Including      : /home/kvignesh/Documents/story_book/storybook/.angular/cache/15.2.4/angular-webpack/6a3226dfc151d5a0785fe76484dada09536eae4b/4.pack
[11:30:17] Including      : /home/kvignesh/Documents/story_book/storybook/.angular/cache/15.2.4/angular-webpack/6a3226dfc151d5a0785fe76484dada09536eae4b/index.pack
[11:30:17] Including      : /home/kvignesh/Documents/story_book/storybook/.angular/cache/15.2.4/angular-webpack/6a3226dfc151d5a0785fe76484dada09536eae4b/index.pack.old
[11:30:17] Searching package.json file
[11:30:17] package.json file found
[11:30:17] Processing package.json dependencies
[11:30:17] Searching README.md, CHANGELOG.md, CONTRIBUTING.md, LICENSE.md, TODO.md files
[11:30:17] README.md file found
[11:30:17] Error during /home/kvignesh/Documents/story_book/storybook/CHANGELOG read
[11:30:17] Continuing without CHANGELOG.md file
[11:30:17] Error during /home/kvignesh/Documents/story_book/storybook/CONTRIBUTING read
[11:30:17] Continuing without CONTRIBUTING.md file
[11:30:17] Error during /home/kvignesh/Documents/story_book/storybook/LICENSE read
[11:30:17] Continuing without LICENSE.md file
[11:30:17] Error during /home/kvignesh/Documents/story_book/storybook/TODO read
[11:30:17] Continuing without TODO.md file
[11:30:17] Get dependencies data
[11:30:18] parsing        : /home/kvignesh/Documents/story_book/storybook/src/main.ts
[11:30:18] parsing        : /home/kvignesh/Documents/story_book/storybook/src/app/app.component.ts
[11:30:18] found          : AppComponent
[11:30:18] parsing        : /home/kvignesh/Documents/story_book/storybook/src/app/app.module.ts
[11:30:18] found          : AppModule
[11:30:18]                : - imports:
[11:30:18]                : 	- BrowserModule
[11:30:18]                : - declarations:
[11:30:18]                : 	- AppComponent
[11:30:18]                : - bootstrap:
[11:30:18]                : 	- AppComponent
[11:30:18] parsing        : /home/kvignesh/Documents/story_book/storybook/src/stories/Button.stories.ts
[11:30:18] found          : Template
[11:30:18] found          : Primary
[11:30:18] found          : Secondary
[11:30:18] found          : Large
[11:30:18] found          : Small
[11:30:18] parsing        : /home/kvignesh/Documents/story_book/storybook/src/stories/Header.stories.ts
[11:30:18] found          : Template
[11:30:18] found          : LoggedIn
[11:30:18] found          : LoggedOut
[11:30:18] parsing        : /home/kvignesh/Documents/story_book/storybook/src/stories/Page.stories.ts
[11:30:18] found          : Template
[11:30:18] found          : LoggedOut
[11:30:18] found          : LoggedIn
[11:30:18] parsing        : /home/kvignesh/Documents/story_book/storybook/src/stories/User.ts
[11:30:18] found          : User
[11:30:18] parsing        : /home/kvignesh/Documents/story_book/storybook/src/stories/button.component.ts
[11:30:18] found          : ButtonComponent
[11:30:18] parsing        : /home/kvignesh/Documents/story_book/storybook/src/stories/header.component.ts
[11:30:18] found          : HeaderComponent
[11:30:18] parsing        : /home/kvignesh/Documents/story_book/storybook/src/stories/page.component.ts
[11:30:18] found          : PageComponent
[11:30:18] -------------------
[11:30:18] Project statistics 
[11:30:18] - files      : 307
[11:30:18] - module     : 1
[11:30:18] - component  : 4
[11:30:18] - interface  : 1
[11:30:18] -------------------
[11:30:18] Prepare components
[11:30:18]  AppComponent has a templateUrl, include it
[11:30:18]  AppComponent has styleUrls, include them
[11:30:18]  ButtonComponent has styleUrls, include them
[11:30:18]  HeaderComponent has styleUrls, include them
[11:30:18]  PageComponent has styleUrls, include them
[11:30:18] Prepare modules
[11:30:18] Prepare interfaces
[11:30:18] Prepare miscellaneous
[11:30:18] Process documentation coverage report
[11:30:18] Generating documentation in export format json
[11:30:18] Documentation generated in ./ in 0.299 seconds
info @storybook/angular v6.5.16
info 
info => Cleaning outputDir: /tmp/chromatic--9975-ou7EgWRzCK55
info => Loading presets
info => Compiling manager..
info => Compiling preview..
info Addon-docs: using MDX1
info => Using implicit CSS loaders
info => Loading angular-cli config for angular >= 13.0.0
info => Using angular project with "tsConfig:/home/kvignesh/Documents/story_book/storybook/.storybook/tsconfig.json"
WARN Your Storybook startup uses a solution that will not be supported in version 7.0. 
WARN You must use angular builder to have an explicit configuration on the project used in angular.json
WARN Read more at:
WARN - https://github.com/storybookjs/storybook/blob/next/MIGRATION.md#sb-angular-builder)
WARN - https://github.com/storybookjs/storybook/blob/next/MIGRATION.md#angular13)
info => Using angular project "storybook:build" for configuring Storybook
info => Using default Webpack5 setup
<s> [webpack.Progress] 0% 

<s> [webpack.Progress] 1% setup before run
<s> [webpack.Progress] 1% setup before run NodeEnvironmentPlugin
<s> [webpack.Progress] 1% setup before run
<s> [webpack.Progress] 2% setup run
<s> [webpack.Progress] 2% setup run
<s> [webpack.Progress] 4% setup normal module factory
<s> [webpack.Progress] 4% setup normal module factory CaseSensitivePathsPlugin
<s> [webpack.Progress] 4% setup normal module factory
<s> [webpack.Progress] 5% setup context module factory
<s> [webpack.Progress] 5% setup context module factory
<s> [webpack.Progress] 6% setup before compile
<s> [webpack.Progress] 6% setup before compile angular-compiler
<s> [webpack.Progress] 6% setup before compile ProgressPlugin
<s> [webpack.Progress] 6% setup before compile
<s> [webpack.Progress] 7% setup compile
<s> [webpack.Progress] 7% setup compile ExternalsPlugin
<s> [webpack.Progress] 7% setup compile
<s> [webpack.Progress] 8% setup compilation
<s> [webpack.Progress] 8% setup compilation angular-occurrences-plugin
<s> [webpack.Progress] 8% setup compilation CopyPlugin
<s> [webpack.Progress] 8% setup compilation angular-compiler
<s> [webpack.Progress] 8% setup compilation styles-webpack-plugin
<s> [webpack.Progress] 8% setup compilation mini-css-extract-plugin
<s> [webpack.Progress] 8% setup compilation storybook-normalize-angular-entry-plugin
<s> [webpack.Progress] 8% setup compilation ArrayPushCallbackChunkFormatPlugin
<s> [webpack.Progress] 8% setup compilation JsonpChunkLoadingPlugin
<s> [webpack.Progress] 8% setup compilation StartupChunkDependenciesPlugin
<s> [webpack.Progress] 8% setup compilation ImportScriptsChunkLoadingPlugin
<s> [webpack.Progress] 8% setup compilation FetchCompileWasmPlugin
<s> [webpack.Progress] 8% setup compilation FetchCompileAsyncWasmPlugin
<s> [webpack.Progress] 8% setup compilation WorkerPlugin
<s> [webpack.Progress] 8% setup compilation SplitChunksPlugin
<s> [webpack.Progress] 8% setup compilation RuntimeChunkPlugin
<s> [webpack.Progress] 8% setup compilation ResolverCachePlugin
<s> [webpack.Progress] 8% setup compilation HtmlWebpackPlugin
<s> [webpack.Progress] 8% setup compilation
<s> [webpack.Progress] 9% setup compilation
<s> [webpack.Progress] 9% setup compilation named-chunks-plugin
<s> [webpack.Progress] 9% setup compilation DedupeModuleResolvePlugin
<s> [webpack.Progress] 9% setup compilation AnyComponentStyleBudgetChecker
<s> [webpack.Progress] 9% setup compilation mini-css-extract-plugin
<s> [webpack.Progress] 9% setup compilation SuppressExtractedTextChunks
<s> [webpack.Progress] 9% setup compilation DefinePlugin
<s> [webpack.Progress] 9% setup compilation ProvidePlugin
<s> [webpack.Progress] 9% setup compilation ProgressPlugin
<s> [webpack.Progress] 9% setup compilation ChunkPrefetchPreloadPlugin
<s> [webpack.Progress] 9% setup compilation SourceMapDevToolPlugin
<s> [webpack.Progress] 9% setup compilation JavascriptModulesPlugin
<s> [webpack.Progress] 9% setup compilation JsonModulesPlugin
<s> [webpack.Progress] 9% setup compilation AssetModulesPlugin
<s> [webpack.Progress] 9% setup compilation DynamicEntryPlugin
<s> [webpack.Progress] 9% setup compilation RuntimePlugin
<s> [webpack.Progress] 9% setup compilation InferAsyncModulesPlugin
<s> [webpack.Progress] 9% setup compilation DataUriPlugin
<s> [webpack.Progress] 9% setup compilation FileUriPlugin
<s> [webpack.Progress] 9% setup compilation CompatibilityPlugin
<s> [webpack.Progress] 9% setup compilation HarmonyModulesPlugin
<s> [webpack.Progress] 9% setup compilation AMDPlugin
<s> [webpack.Progress] 9% setup compilation RequireJsStuffPlugin
<s> [webpack.Progress] 9% setup compilation CommonJsPlugin
<s> [webpack.Progress] 9% setup compilation LoaderPlugin
<s> [webpack.Progress] 9% setup compilation LoaderPlugin
<s> [webpack.Progress] 9% setup compilation NodeStuffPlugin
<s> [webpack.Progress] 9% setup compilation APIPlugin
<s> [webpack.Progress] 9% setup compilation ExportsInfoApiPlugin
<s> [webpack.Progress] 9% setup compilation WebpackIsIncludedPlugin
<s> [webpack.Progress] 9% setup compilation ConstPlugin
<s> [webpack.Progress] 9% setup compilation UseStrictPlugin
<s> [webpack.Progress] 9% setup compilation RequireIncludePlugin
<s> [webpack.Progress] 9% setup compilation RequireEnsurePlugin
<s> [webpack.Progress] 9% setup compilation RequireContextPlugin
<s> [webpack.Progress] 9% setup compilation ImportPlugin
<s> [webpack.Progress] 9% setup compilation RequireContextPlugin
<s> [webpack.Progress] 9% setup compilation SystemPlugin
<s> [webpack.Progress] 9% setup compilation ImportMetaPlugin
<s> [webpack.Progress] 9% setup compilation URLPlugin
<s> [webpack.Progress] 9% setup compilation DefaultStatsFactoryPlugin
<s> [webpack.Progress] 9% setup compilation DefaultStatsPresetPlugin
<s> [webpack.Progress] 9% setup compilation DefaultStatsPrinterPlugin
<s> [webpack.Progress] 9% setup compilation JavascriptMetaInfoPlugin
<s> [webpack.Progress] 9% setup compilation EnsureChunkConditionsPlugin
<s> [webpack.Progress] 9% setup compilation RemoveEmptyChunksPlugin
<s> [webpack.Progress] 9% setup compilation MergeDuplicateChunksPlugin
<s> [webpack.Progress] 9% setup compilation FlagIncludedChunksPlugin
<s> [webpack.Progress] 9% setup compilation SideEffectsFlagPlugin
<s> [webpack.Progress] 9% setup compilation FlagDependencyExportsPlugin
<s> [webpack.Progress] 9% setup compilation FlagDependencyUsagePlugin
<s> [webpack.Progress] 9% setup compilation InnerGraphPlugin
<s> [webpack.Progress] 9% setup compilation MangleExportsPlugin
<s> [webpack.Progress] 9% setup compilation ModuleConcatenationPlugin
<s> [webpack.Progress] 9% setup compilation NoEmitOnErrorsPlugin
<s> [webpack.Progress] 9% setup compilation RealContentHashPlugin
<s> [webpack.Progress] 9% setup compilation WasmFinalizeExportsPlugin
<s> [webpack.Progress] 9% setup compilation NamedModuleIdsPlugin
<s> [webpack.Progress] 9% setup compilation DeterministicChunkIdsPlugin
<s> [webpack.Progress] 9% setup compilation DefinePlugin
<s> [webpack.Progress] 9% setup compilation TerserPlugin
<s> [webpack.Progress] 9% setup compilation TemplatedPathPlugin
<s> [webpack.Progress] 9% setup compilation RecordIdsPlugin
<s> [webpack.Progress] 9% setup compilation WarnCaseSensitiveModulesPlugin
<s> [webpack.Progress] 9% setup compilation IgnoreWarningsPlugin
<s> [webpack.Progress] 9% setup compilation
<s> [webpack.Progress] 10% building
<s> [webpack.Progress] 10% building 0/1 entries 0/0 dependencies 0/0 modules
<s> [webpack.Progress] 10% building import loader ./node_modules/@angular-devkit/build-angular/src/babel/webpack-loader.js
<s> [webpack.Progress] 10% building import loader ./node_modules/babel-loader/lib/index.js
<s> [webpack.Progress] 10% building 0/16 entries 10/16 dependencies 0/10 modules
<s> [webpack.Progress] 10% building import loader ./node_modules/mini-css-extract-plugin/dist/loader.js
<s> [webpack.Progress] 10% building import loader ./node_modules/css-loader/dist/cjs.js
<s> [webpack.Progress] 10% building import loader ./node_modules/postcss-loader/dist/cjs.js
<s> [webpack.Progress] 10% building import loader ./node_modules/resolve-url-loader/index.js
<s> [webpack.Progress] 10% building import loader ./node_modules/sass-loader/dist/cjs.js
<s> [webpack.Progress] 10% building 0/16 entries 11/16 dependencies 0/11 modules
<s> [webpack.Progress] 10% building 0/16 entries 17/18 dependencies 0/17 modules
<s> [webpack.Progress] 13% building 1/16 entries 17/41 dependencies 1/17 modules
<s> [webpack.Progress] 16% building 2/16 entries 37/64 dependencies 6/33 modules
<s> [webpack.Progress] 16% building import loader ./node_modules/@storybook/mdx1-csf/loader.js
<s> [webpack.Progress] 16% building 2/16 entries 37/64 dependencies 6/33 modules
<s> [webpack.Progress] 16% building import loader ./node_modules/@ngtools/webpack/src/ivy/index.js
<s> [webpack.Progress] 16% building import loader ./node_modules/@storybook/source-loader/dist/cjs/index.js
<s> [webpack.Progress] 16% building 2/16 entries 42/64 dependencies 6/38 modules
<s> [webpack.Progress] 16% building 2/16 entries 72/100 dependencies 6/65 modules
<s> [webpack.Progress] 20% building 3/16 entries 94/139 dependencies 17/76 modules
<s> [webpack.Progress] 20% building 3/16 entries 300/347 dependencies 22/166 modules
<s> [webpack.Progress] 20% building 3/16 entries 543/600 dependencies 65/217 modules
<s> [webpack.Progress] 20% building 3/16 entries 767/900 dependencies 124/291 modules
<s> [webpack.Progress] 20% building 3/16 entries 878/1000 dependencies 139/335 modules
<s> [webpack.Progress] 20% building 3/16 entries 1000/1128 dependencies 149/355 modules
<s> [webpack.Progress] 20% building 3/16 entries 1215/1400 dependencies 162/411 modules
<s> [webpack.Progress] 20% building 3/16 entries 1400/1629 dependencies 178/449 modules
<s> [webpack.Progress] 20% building 3/16 entries 1743/1800 dependencies 227/491 modules
<s> [webpack.Progress] 20% building 3/16 entries 1900/2379 dependencies 274/494 modules
<s> [webpack.Progress] 20% building 3/16 entries 1917/2379 dependencies 275/500 modules
<s> [webpack.Progress] 20% building 3/16 entries 2100/2617 dependencies 285/540 modules
<s> [webpack.Progress] 20% building 3/16 entries 2743/2800 dependencies 336/757 modules
<s> [webpack.Progress] 20% building 3/16 entries 3100/3262 dependencies 353/937 modules
<s> [webpack.Progress] 20% building 3/16 entries 3260/3300 dependencies 358/982 modules
<s> [webpack.Progress] 20% building 3/16 entries 3552/3600 dependencies 369/996 modules
<s> [webpack.Progress] 20% building 3/16 entries 4071/4100 dependencies 429/1042 modules
<s> [webpack.Progress] 20% building 3/16 entries 4159/4200 dependencies 452/1064 modules
<s> [webpack.Progress] 20% building 3/16 entries 4380/4400 dependencies 470/1114 modules
<s> [webpack.Progress] 20% building 3/16 entries 4688/4700 dependencies 507/1131 modules
<s> [webpack.Progress] 20% building 3/16 entries 4797/4900 dependencies 617/1131 modules
<s> [webpack.Progress] 20% building 3/16 entries 5100/5146 dependencies 672/1210 modules
<s> [webpack.Progress] 20% building 3/16 entries 5129/5273 dependencies 700/1224 modules
<s> [webpack.Progress] 20% building 3/16 entries 5384/5400 dependencies 865/1294 modules
<s> [webpack.Progress] 20% building 3/16 entries 5400/5427 dependencies 867/1299 modules
<s> [webpack.Progress] 20% building 3/16 entries 5465/5700 dependencies 936/1305 modules
<s> [webpack.Progress] 20% building 3/16 entries 5712/5800 dependencies 950/1326 modules
<s> [webpack.Progress] 20% building 3/16 entries 5933/6000 dependencies 991/1392 modules
info => Manager built (42 s)
<s> [webpack.Progress] 21% building 3/16 entries 6200/6299 dependencies 1077/1410 modules
<s> [webpack.Progress] 22% building 3/16 entries 6389/6562 dependencies 1109/1500 modules
<s> [webpack.Progress] 23% building 3/16 entries 6769/6800 dependencies 1243/1642 modules
<s> [webpack.Progress] 25% building 3/16 entries 6875/6888 dependencies 1400/1672 modules
<s> [webpack.Progress] 26% building 3/16 entries 6942/7000 dependencies 1485/1677 modules
<s> [webpack.Progress] 26% building 3/16 entries 7200/7283 dependencies 1521/1723 modules
<s> [webpack.Progress] 28% building 3/16 entries 7593/7600 dependencies 1637/1789 modules
<s> [webpack.Progress] 28% building 4/16 entries 7620/7627 dependencies 1708/1791 modules
<s> [webpack.Progress] 28% building 5/16 entries 7620/7627 dependencies 1709/1791 modules
<s> [webpack.Progress] 30% building 6/16 entries 7620/7627 dependencies 1710/1791 modules
<s> [webpack.Progress] 34% building 7/16 entries 7620/7627 dependencies 1711/1791 modules
<s> [webpack.Progress] 37% building 8/16 entries 7620/7627 dependencies 1712/1791 modules
<s> [webpack.Progress] 40% building 9/16 entries 7620/7627 dependencies 1713/1791 modules
<s> [webpack.Progress] 44% building 10/16 entries 7620/7627 dependencies 1714/1791 modules
<s> [webpack.Progress] 47% building 11/16 entries 7620/7627 dependencies 1715/1791 modules
<s> [webpack.Progress] 51% building 12/16 entries 7620/7627 dependencies 1716/1791 modules
<s> [webpack.Progress] 54% building 13/16 entries 7620/7627 dependencies 1717/1791 modules
<s> [webpack.Progress] 58% building 14/16 entries 7717/7719 dependencies 1792/1805 modules
<s> [webpack.Progress] 61% building 15/16 entries 7729/7729 dependencies 1812/1812 modules
<s> [webpack.Progress] 65% building 16/16 entries 7729/7729 dependencies 1812/1812 modules
<s> [webpack.Progress] 65% building
<s> [webpack.Progress] 69% building finish
<s> [webpack.Progress] 69% building finish
<s> [webpack.Progress] 70% sealing finish module graph
<s> [webpack.Progress] 70% sealing finish module graph angular-compiler
<s> [webpack.Progress] 70% sealing finish module graph ResolverCachePlugin
<s> [webpack.Progress] 70% sealing finish module graph InferAsyncModulesPlugin
<s> [webpack.Progress] 70% sealing finish module graph FlagDependencyExportsPlugin
<s> [webpack.Progress] 70% sealing finish module graph InnerGraphPlugin
<s> [webpack.Progress] 70% sealing finish module graph WasmFinalizeExportsPlugin
<s> [webpack.Progress] 70% sealing finish module graph
<s> [webpack.Progress] 70% sealing plugins
<s> [webpack.Progress] 70% sealing plugins WarnCaseSensitiveModulesPlugin
<s> [webpack.Progress] 70% sealing plugins
<s> [webpack.Progress] 71% sealing dependencies optimization
<s> [webpack.Progress] 71% sealing dependencies optimization SideEffectsFlagPlugin
<s> [webpack.Progress] 71% sealing dependencies optimization FlagDependencyUsagePlugin
<s> [webpack.Progress] 71% sealing dependencies optimization
<s> [webpack.Progress] 71% sealing after dependencies optimization
<s> [webpack.Progress] 71% sealing after dependencies optimization
<s> [webpack.Progress] 72% sealing chunk graph
<s> [webpack.Progress] 72% sealing chunk graph
<s> [webpack.Progress] 73% sealing after chunk graph
<s> [webpack.Progress] 73% sealing after chunk graph
<s> [webpack.Progress] 73% sealing optimizing
<s> [webpack.Progress] 73% sealing optimizing
<s> [webpack.Progress] 74% sealing module optimization
<s> [webpack.Progress] 74% sealing module optimization
<s> [webpack.Progress] 75% sealing after module optimization
<s> [webpack.Progress] 75% sealing after module optimization
<s> [webpack.Progress] 75% sealing chunk optimization
<s> [webpack.Progress] 75% sealing chunk optimization EnsureChunkConditionsPlugin
<s> [webpack.Progress] 75% sealing chunk optimization RemoveEmptyChunksPlugin
<s> [webpack.Progress] 75% sealing chunk optimization MergeDuplicateChunksPlugin
<s> [webpack.Progress] 75% sealing chunk optimization SplitChunksPlugin
<s> [webpack.Progress] 75% sealing chunk optimization RemoveEmptyChunksPlugin
<s> [webpack.Progress] 75% sealing chunk optimization
<s> [webpack.Progress] 76% sealing after chunk optimization
<s> [webpack.Progress] 76% sealing after chunk optimization
<s> [webpack.Progress] 77% sealing module and chunk tree optimization
<s> [webpack.Progress] 77% sealing module and chunk tree optimization PersistentChildCompilerSingletonPlugin
<s> [webpack.Progress] 77% sealing module and chunk tree optimization
<s> [webpack.Progress] 77% sealing after module and chunk tree optimization
<s> [webpack.Progress] 77% sealing after module and chunk tree optimization
<s> [webpack.Progress] 78% sealing chunk modules optimization
<s> [webpack.Progress] 78% sealing chunk modules optimization ModuleConcatenationPlugin
<s> [webpack.Progress] 78% sealing chunk modules optimization
<s> [webpack.Progress] 78% sealing after chunk modules optimization
<s> [webpack.Progress] 78% sealing after chunk modules optimization
<s> [webpack.Progress] 79% sealing module reviving
<s> [webpack.Progress] 79% sealing module reviving RecordIdsPlugin
<s> [webpack.Progress] 79% sealing module reviving
<s> [webpack.Progress] 80% sealing before module ids
<s> [webpack.Progress] 80% sealing before module ids
<s> [webpack.Progress] 80% sealing module ids
<s> [webpack.Progress] 80% sealing module ids NamedModuleIdsPlugin
<s> [webpack.Progress] 80% sealing module ids
<s> [webpack.Progress] 81% sealing module id optimization
<s> [webpack.Progress] 81% sealing module id optimization
<s> [webpack.Progress] 82% sealing module id optimization
<s> [webpack.Progress] 82% sealing module id optimization
<s> [webpack.Progress] 82% sealing chunk reviving
<s> [webpack.Progress] 82% sealing chunk reviving RecordIdsPlugin
<s> [webpack.Progress] 82% sealing chunk reviving
<s> [webpack.Progress] 83% sealing before chunk ids
<s> [webpack.Progress] 83% sealing before chunk ids
<s> [webpack.Progress] 84% sealing chunk ids
<s> [webpack.Progress] 84% sealing chunk ids DeterministicChunkIdsPlugin
<s> [webpack.Progress] 84% sealing chunk ids
<s> [webpack.Progress] 84% sealing chunk id optimization
<s> [webpack.Progress] 84% sealing chunk id optimization FlagIncludedChunksPlugin
<s> [webpack.Progress] 84% sealing chunk id optimization
<s> [webpack.Progress] 85% sealing after chunk id optimization
<s> [webpack.Progress] 85% sealing after chunk id optimization
<s> [webpack.Progress] 86% sealing record modules
<s> [webpack.Progress] 86% sealing record modules RecordIdsPlugin
<s> [webpack.Progress] 86% sealing record modules
<s> [webpack.Progress] 86% sealing record chunks
<s> [webpack.Progress] 86% sealing record chunks RecordIdsPlugin
<s> [webpack.Progress] 86% sealing record chunks
<s> [webpack.Progress] 87% sealing module hashing
<s> [webpack.Progress] 87% sealing module hashing
<s> [webpack.Progress] 87% sealing code generation
<s> [webpack.Progress] 87% sealing code generation
<s> [webpack.Progress] 88% sealing runtime requirements
<s> [webpack.Progress] 88% sealing runtime requirements
<s> [webpack.Progress] 89% sealing hashing
<s> [webpack.Progress] 89% sealing hashing
<s> [webpack.Progress] 89% sealing after hashing
<s> [webpack.Progress] 89% sealing after hashing
<s> [webpack.Progress] 90% sealing record hash
<s> [webpack.Progress] 90% sealing record hash
<s> [webpack.Progress] 91% sealing module assets processing
<s> [webpack.Progress] 91% sealing module assets processing
<s> [webpack.Progress] 91% sealing chunk assets processing
<s> [webpack.Progress] 91% sealing chunk assets processing
<s> [webpack.Progress] 92% sealing asset processing
<s> [webpack.Progress] 92% sealing asset processing copy-webpack-plugin
<s> [webpack.Progress] 92% sealing asset processing PersistentChildCompilerSingletonPlugin
<s> [webpack.Progress] 92% sealing asset processing TerserPlugin
<s> [webpack.Progress] 92% sealing asset processing SourceMapDevToolPlugin
<s> [webpack.Progress] 92% sealing asset processing SourceMapDevToolPlugin
<s> [webpack.Progress] 92% sealing asset processing SourceMapDevToolPlugin main.css generate SourceMap
<s> [webpack.Progress] 92% sealing asset processing SourceMapDevToolPlugin main.css generated SourceMap
<s> [webpack.Progress] 92% sealing asset processing SourceMapDevToolPlugin main.9a59aec0.iframe.bundle.js generate SourceMap
<s> [webpack.Progress] 92% sealing asset processing SourceMapDevToolPlugin main.9a59aec0.iframe.bundle.js generated SourceMap
<s> [webpack.Progress] 92% sealing asset processing SourceMapDevToolPlugin runtime~main.711fb6ca.iframe.bundle.js generate SourceMap
<s> [webpack.Progress] 92% sealing asset processing SourceMapDevToolPlugin runtime~main.711fb6ca.iframe.bundle.js generated SourceMap
<s> [webpack.Progress] 92% sealing asset processing SourceMapDevToolPlugin 747.2c2b0ce7.iframe.bundle.js generate SourceMap
<s> [webpack.Progress] 92% sealing asset processing SourceMapDevToolPlugin 747.2c2b0ce7.iframe.bundle.js generated SourceMap
<s> [webpack.Progress] 92% sealing asset processing SourceMapDevToolPlugin 332.a2ae156c.iframe.bundle.js generate SourceMap
<s> [webpack.Progress] 92% sealing asset processing SourceMapDevToolPlugin 332.a2ae156c.iframe.bundle.js generated SourceMap
<s> [webpack.Progress] 92% sealing asset processing SourceMapDevToolPlugin 850.40aabb99.iframe.bundle.js generate SourceMap
<s> [webpack.Progress] 92% sealing asset processing SourceMapDevToolPlugin 850.40aabb99.iframe.bundle.js generated SourceMap
<s> [webpack.Progress] 92% sealing asset processing SourceMapDevToolPlugin 345.5a3a41a1.iframe.bundle.js generate SourceMap
<s> [webpack.Progress] 92% sealing asset processing SourceMapDevToolPlugin 345.5a3a41a1.iframe.bundle.js generated SourceMap
<s> [webpack.Progress] 92% sealing asset processing SourceMapDevToolPlugin 874.a928dc09.iframe.bundle.js generate SourceMap
<s> [webpack.Progress] 92% sealing asset processing SourceMapDevToolPlugin 874.a928dc09.iframe.bundle.js generated SourceMap
<s> [webpack.Progress] 92% sealing asset processing SourceMapDevToolPlugin 147.21566bed.iframe.bundle.js generate SourceMap
<s> [webpack.Progress] 92% sealing asset processing SourceMapDevToolPlugin 147.21566bed.iframe.bundle.js generated SourceMap
<s> [webpack.Progress] 92% sealing asset processing SourceMapDevToolPlugin 700.b78459d8.iframe.bundle.js generate SourceMap
<s> [webpack.Progress] 92% sealing asset processing SourceMapDevToolPlugin 700.b78459d8.iframe.bundle.js generated SourceMap
<s> [webpack.Progress] 92% sealing asset processing SourceMapDevToolPlugin 291.13b01cd3.iframe.bundle.js generate SourceMap
<s> [webpack.Progress] 92% sealing asset processing SourceMapDevToolPlugin 291.13b01cd3.iframe.bundle.js generated SourceMap
<s> [webpack.Progress] 92% sealing asset processing SourceMapDevToolPlugin 635.5e3243ec.iframe.bundle.js generate SourceMap
<s> [webpack.Progress] 92% sealing asset processing SourceMapDevToolPlugin 635.5e3243ec.iframe.bundle.js generated SourceMap
<s> [webpack.Progress] 92% sealing asset processing SourceMapDevToolPlugin resolve sources
<s> [webpack.Progress] 92% sealing asset processing SourceMapDevToolPlugin 635.5e3243ec.iframe.bundle.js attach SourceMap
<s> [webpack.Progress] 92% sealing asset processing SourceMapDevToolPlugin 635.5e3243ec.iframe.bundle.js attached SourceMap
<s> [webpack.Progress] 92% sealing asset processing SourceMapDevToolPlugin
<s> [webpack.Progress] 92% sealing asset processing SourceMapDevToolPlugin
<s> [webpack.Progress] 92% sealing asset processing SourceMapDevToolPlugin resolve sources
<s> [webpack.Progress] 92% sealing asset processing SourceMapDevToolPlugin
<s> [webpack.Progress] 92% sealing asset processing HtmlWebpackPlugin
<s> [webpack.Progress] 92% sealing asset processing HtmlWebpackPlugin
<s> [webpack.Progress] 92% sealing asset processing HtmlWebpackPlugin resolve sources
<s> [webpack.Progress] 92% sealing asset processing HtmlWebpackPlugin
<s> [webpack.Progress] 92% sealing asset processing RealContentHashPlugin
<s> [webpack.Progress] 92% sealing asset processing RealContentHashPlugin
<s> [webpack.Progress] 92% sealing asset processing RealContentHashPlugin main.48014896.iframe.bundle.js generate SourceMap
<s> [webpack.Progress] 92% sealing asset processing RealContentHashPlugin main.48014896.iframe.bundle.js generated SourceMap
<s> [webpack.Progress] 92% sealing asset processing RealContentHashPlugin runtime~main.85fac175.iframe.bundle.js generate SourceMap
<s> [webpack.Progress] 92% sealing asset processing RealContentHashPlugin runtime~main.85fac175.iframe.bundle.js generated SourceMap
<s> [webpack.Progress] 92% sealing asset processing RealContentHashPlugin 747.927eb9ed.iframe.bundle.js generate SourceMap
<s> [webpack.Progress] 92% sealing asset processing RealContentHashPlugin 747.927eb9ed.iframe.bundle.js generated SourceMap
<s> [webpack.Progress] 92% sealing asset processing RealContentHashPlugin 345.ccfd81a3.iframe.bundle.js generate SourceMap
<s> [webpack.Progress] 92% sealing asset processing RealContentHashPlugin 345.ccfd81a3.iframe.bundle.js generated SourceMap
<s> [webpack.Progress] 92% sealing asset processing RealContentHashPlugin 147.33084484.iframe.bundle.js generate SourceMap
<s> [webpack.Progress] 92% sealing asset processing RealContentHashPlugin 147.33084484.iframe.bundle.js generated SourceMap
<s> [webpack.Progress] 92% sealing asset processing RealContentHashPlugin 700.89aead99.iframe.bundle.js generate SourceMap
<s> [webpack.Progress] 92% sealing asset processing RealContentHashPlugin 700.89aead99.iframe.bundle.js generated SourceMap
<s> [webpack.Progress] 92% sealing asset processing RealContentHashPlugin 332.d8989995.iframe.bundle.js generate SourceMap
<s> [webpack.Progress] 92% sealing asset processing RealContentHashPlugin 332.d8989995.iframe.bundle.js generated SourceMap
<s> [webpack.Progress] 92% sealing asset processing RealContentHashPlugin 850.fdc0f14e.iframe.bundle.js generate SourceMap
<s> [webpack.Progress] 92% sealing asset processing RealContentHashPlugin 850.fdc0f14e.iframe.bundle.js generated SourceMap
<s> [webpack.Progress] 92% sealing asset processing RealContentHashPlugin 874.896e7ec1.iframe.bundle.js generate SourceMap
<s> [webpack.Progress] 92% sealing asset processing RealContentHashPlugin 874.896e7ec1.iframe.bundle.js generated SourceMap
<s> [webpack.Progress] 92% sealing asset processing RealContentHashPlugin 291.d54951b6.iframe.bundle.js generate SourceMap
<s> [webpack.Progress] 92% sealing asset processing RealContentHashPlugin 291.d54951b6.iframe.bundle.js generated SourceMap
<s> [webpack.Progress] 92% sealing asset processing RealContentHashPlugin resolve sources
<s> [webpack.Progress] 92% sealing asset processing RealContentHashPlugin
<s> [webpack.Progress] 92% sealing asset processing angular-occurrences-plugin
<s> [webpack.Progress] 92% sealing asset processing AnyComponentStyleBudgetChecker
<s> [webpack.Progress] 92% sealing asset processing
<s> [webpack.Progress] 93% sealing after asset optimization
<s> [webpack.Progress] 93% sealing after asset optimization
<s> [webpack.Progress] 93% sealing recording
<s> [webpack.Progress] 93% sealing recording
<s> [webpack.Progress] 94% sealing after seal
<s> [webpack.Progress] 94% sealing after seal
<s> [webpack.Progress] 95% emitting emit
<s> [webpack.Progress] 95% emitting emit
<s> [webpack.Progress] 98% emitting after emit
<s> [webpack.Progress] 98% emitting after emit SizeLimitsPlugin
<s> [webpack.Progress] 98% emitting after emit
<s> [webpack.Progress] 99% done plugins
<s> [webpack.Progress] 99% done plugins CaseSensitivePathsPlugin
<s> [webpack.Progress] 99% done plugins
<s> [webpack.Progress] 99% 

<s> [webpack.Progress] 99% cache store build dependencies
<s> [webpack.Progress] 99% cache store build dependencies
<s> [webpack.Progress] 99% cache begin idle
<s> [webpack.Progress] 99% cache begin idle
<s> [webpack.Progress] 100% 

info => Preview built (1.12 min)
WARN /home/kvignesh/Documents/story_book/storybook/src/app/app.component.ts is part of the TypeScript compilation but it's unused.
WARN Add only entry points to the 'files' or 'include' properties in your tsconfig.
WARN /home/kvignesh/Documents/story_book/storybook/src/app/app.module.ts is part of the TypeScript compilation but it's unused.
WARN Add only entry points to the 'files' or 'include' properties in your tsconfig.
WARN /home/kvignesh/Documents/story_book/storybook/src/main.ts is part of the TypeScript compilation but it's unused.
WARN Add only entry points to the 'files' or 'include' properties in your tsconfig.
WARN asset size limit: The following asset(s) exceed the recommended size limit (244 KiB).
WARN This can impact web performance.
WARN Assets: 
WARN   850.fdc0f14e.iframe.bundle.js (793 KiB)
WARN   635.a1aaf3c4.iframe.bundle.js (3.9 MiB)
WARN entrypoint size limit: The following entrypoint(s) combined asset size exceeds the recommended limit (244 KiB). This can impact web performance.
WARN Entrypoints:
WARN   main (3.99 MiB)
WARN       runtime~main.85fac175.iframe.bundle.js
WARN       635.a1aaf3c4.iframe.bundle.js
WARN       main.css
WARN       main.48014896.iframe.bundle.js
WARN 
<s> [webpack.Progress] 99% cache shutdown
<s> [webpack.Progress] 99% cache shutdown
<s> [webpack.Progress] 100% 

info => Output directory: /tmp/chromatic--9975-ou7EgWRzCK55
